{
  "stats": {
    "suites": 2,
    "tests": 11,
    "passes": 10,
    "pending": 0,
    "failures": 1,
    "start": "2020-04-05T03:10:13.359Z",
    "end": "2020-04-05T03:10:13.428Z",
    "duration": 69,
    "testsRegistered": 11,
    "passPercent": 90.9090909090909,
    "pendingPercent": 0,
    "other": 0,
    "hasOther": false,
    "skipped": 0,
    "hasSkipped": false
  },
  "results": [
    {
      "uuid": "ad21cfa4-7ac2-40d2-bf75-63729f1c81e6",
      "title": "",
      "fullFile": "",
      "file": "",
      "beforeHooks": [],
      "afterHooks": [],
      "tests": [],
      "suites": [
        {
          "uuid": "0abd460b-193e-4904-b809-aabf807796ee",
          "title": "number",
          "fullFile": "E:\\code\\js-util-func\\test\\number.test.js",
          "file": "\\test\\number.test.js",
          "beforeHooks": [],
          "afterHooks": [],
          "tests": [
            {
              "title": "金额千分化 moneyThousandFormat",
              "fullTitle": "number 金额千分化 moneyThousandFormat",
              "timedOut": false,
              "duration": 5,
              "state": "passed",
              "speed": "fast",
              "pass": true,
              "fail": false,
              "pending": false,
              "context": null,
              "code": "expect(Utils.moneyThousandFormat('9',0)).to.equal('9');\nexpect(Utils.moneyThousandFormat(9)).to.equal('9');\nexpect(Utils.moneyThousandFormat(99)).to.equal('99');\nexpect(Utils.moneyThousandFormat(999)).to.equal('999');\nexpect(Utils.moneyThousandFormat(9999)).to.equal('9,999');\nexpect(Utils.moneyThousandFormat(9.355, 2)).to.equal('9.36');\nexpect(Utils.moneyThousandFormat(99.355, 2)).to.equal('99.36');\nexpect(Utils.moneyThousandFormat(9999.355, 2)).to.equal('9,999.36');\ndone()",
              "err": {},
              "uuid": "26c64832-322c-4392-be01-115aa52c7a68",
              "parentUUID": "0abd460b-193e-4904-b809-aabf807796ee",
              "isHook": false,
              "skipped": false
            },
            {
              "title": "四舍五入 toFixed",
              "fullTitle": "number 四舍五入 toFixed",
              "timedOut": false,
              "duration": 1,
              "state": "passed",
              "speed": "fast",
              "pass": true,
              "fail": false,
              "pending": false,
              "context": null,
              "code": "expect(Utils.toFixed('1.2345',2)).to.equal(1.23)\nexpect(Utils.toFixed(1.2345,2)).to.equal(1.23)\nexpect(Utils.toFixed(1.2355,2)).to.equal(1.24)\nexpect(Utils.toFixed(1.23)).to.equal(1)\nexpect(Utils.toFixed(1.23,-1)).to.equal(1.23)\ndone()",
              "err": {},
              "uuid": "7bd6c942-0c38-4cb5-925b-3c38119ac20b",
              "parentUUID": "0abd460b-193e-4904-b809-aabf807796ee",
              "isHook": false,
              "skipped": false
            },
            {
              "title": "数值前补零 numAddZero",
              "fullTitle": "number 数值前补零 numAddZero",
              "timedOut": false,
              "duration": 1,
              "state": "passed",
              "speed": "fast",
              "pass": true,
              "fail": false,
              "pending": false,
              "context": null,
              "code": "expect(Utils.numAddZero('9',2)).to.equal('09')\nexpect(Utils.numAddZero(9,2)).to.equal('09')\nexpect(Utils.numAddZero(9,3)).to.equal('009')\nexpect(Utils.numAddZero(9,1)).to.equal('9')\nexpect(Utils.numAddZero(9,0)).to.equal('9')\nexpect(Utils.numAddZero(9,-1)).to.equal('9')\nexpect(Utils.numAddZero(9.9)).to.equal('9.9')\nexpect(Utils.numAddZero(9.9,2)).to.equal('09.9')\nexpect(Utils.numAddZero(-9.9,2)).to.equal('-09.9')\ndone()",
              "err": {},
              "uuid": "cbb8394c-e118-43d8-a936-9fcf02ef3691",
              "parentUUID": "0abd460b-193e-4904-b809-aabf807796ee",
              "isHook": false,
              "skipped": false
            },
            {
              "title": "浮点数末尾补零 0 floatAddZero",
              "fullTitle": "number 浮点数末尾补零 0 floatAddZero",
              "timedOut": false,
              "duration": 1,
              "state": "passed",
              "speed": "fast",
              "pass": true,
              "fail": false,
              "pending": false,
              "context": null,
              "code": "expect(Utils.floatAddZero('1.2',2)).to.equal('1.20')\nexpect(Utils.floatAddZero(1.2,2)).to.equal('1.20')\nexpect(Utils.floatAddZero(1.2,1)).to.equal('1.2')\nexpect(Utils.floatAddZero(1.2,0)).to.equal('1.2')\nexpect(Utils.floatAddZero(1.2)).to.equal('1.2')\nexpect(Utils.floatAddZero(-1.2,2)).to.equal('-1.20')\nexpect(Utils.floatAddZero(1.234,2)).to.equal('1.234')\nexpect(Utils.floatAddZero(1.234,2)).to.equal('1.234')\ndone()",
              "err": {},
              "uuid": "61f7ed04-845f-4f9a-a1b7-379fa56e25df",
              "parentUUID": "0abd460b-193e-4904-b809-aabf807796ee",
              "isHook": false,
              "skipped": false
            },
            {
              "title": "保留小数点后n位，不进行四舍五入操作 splitPoint",
              "fullTitle": "number 保留小数点后n位，不进行四舍五入操作 splitPoint",
              "timedOut": false,
              "duration": 1,
              "state": "passed",
              "speed": "fast",
              "pass": true,
              "fail": false,
              "pending": false,
              "context": null,
              "code": "expect(Utils.splitPoint('1.235',2)).to.equal('1.23')\nexpect(Utils.splitPoint(1.235,2)).to.equal('1.23')\nexpect(Utils.splitPoint(1.234,1)).to.equal('1.2')\nexpect(Utils.splitPoint(1.234,0)).to.equal('1')\nexpect(Utils.splitPoint(1.234,-1)).to.equal('1.234')\ndone()",
              "err": {},
              "uuid": "475a0056-a87b-4bcb-90bb-0fe666329090",
              "parentUUID": "0abd460b-193e-4904-b809-aabf807796ee",
              "isHook": false,
              "skipped": false
            },
            {
              "title": "小数格式化成百分数 decimalToPercent",
              "fullTitle": "number 小数格式化成百分数 decimalToPercent",
              "timedOut": false,
              "duration": 1,
              "state": "passed",
              "speed": "fast",
              "pass": true,
              "fail": false,
              "pending": false,
              "context": null,
              "code": "expect(Utils.decimalToPercent('0.23')).to.equal('23')\nexpect(Utils.decimalToPercent(0.23)).to.equal('23')\nexpect(Utils.decimalToPercent(1.23)).to.equal('1.23')\nexpect(Utils.decimalToPercent(0.234)).to.equal('23.4')\nexpect(Utils.decimalToPercent(0.234,2)).to.equal('23.40')\nexpect(Utils.decimalToPercent(0.234,1)).to.equal('23.4')\ndone()",
              "err": {},
              "uuid": "a2ef5e9c-081b-4e30-ac32-0084f19a87a1",
              "parentUUID": "0abd460b-193e-4904-b809-aabf807796ee",
              "isHook": false,
              "skipped": false
            },
            {
              "title": "金额转大写 moneyUppercase",
              "fullTitle": "number 金额转大写 moneyUppercase",
              "timedOut": false,
              "duration": 1,
              "state": "passed",
              "speed": "fast",
              "pass": true,
              "fail": false,
              "pending": false,
              "context": null,
              "code": "expect(Utils.moneyUppercase('1.2')).to.equal('壹元贰角')\nexpect(Utils.moneyUppercase(1.2)).to.equal('壹元贰角')\nexpect(Utils.moneyUppercase(1.20)).to.equal('壹元贰角')\nexpect(Utils.moneyUppercase(999.99)).to.equal('玖佰玖拾玖元玖角玖分')\nexpect(Utils.moneyUppercase(9999999999.99)).to.equal('玖拾玖亿玖仟玖佰玖拾玖万玖仟玖佰玖拾玖元玖角玖分')\ndone()",
              "err": {},
              "uuid": "b798ee0b-9802-499c-b865-2f4eb1f77f74",
              "parentUUID": "0abd460b-193e-4904-b809-aabf807796ee",
              "isHook": false,
              "skipped": false
            }
          ],
          "suites": [],
          "passes": [
            "26c64832-322c-4392-be01-115aa52c7a68",
            "7bd6c942-0c38-4cb5-925b-3c38119ac20b",
            "cbb8394c-e118-43d8-a936-9fcf02ef3691",
            "61f7ed04-845f-4f9a-a1b7-379fa56e25df",
            "475a0056-a87b-4bcb-90bb-0fe666329090",
            "a2ef5e9c-081b-4e30-ac32-0084f19a87a1",
            "b798ee0b-9802-499c-b865-2f4eb1f77f74"
          ],
          "failures": [],
          "pending": [],
          "skipped": [],
          "duration": 11,
          "root": false,
          "rootEmpty": false,
          "_timeout": 2000
        },
        {
          "uuid": "832d7f93-de5d-4e07-9417-b2948688533e",
          "title": "number",
          "fullFile": "E:\\code\\js-util-func\\test\\string.test.js",
          "file": "\\test\\string.test.js",
          "beforeHooks": [],
          "afterHooks": [],
          "tests": [
            {
              "title": "过滤字符串中的表情和空格 filterEmojiAndSpace",
              "fullTitle": "number 过滤字符串中的表情和空格 filterEmojiAndSpace",
              "timedOut": false,
              "duration": 1,
              "state": "failed",
              "speed": null,
              "pass": false,
              "fail": true,
              "pending": false,
              "context": null,
              "code": "expect(Utils.filterEmojiAndSpace('aa')).to.be.equal('aa')\nexpect(Utils.filterEmojiAndSpace('  aa')).to.be.equal('aa')\nexpect(Utils.filterEmojiAndSpace('aa  ')).to.be.equal('aa')\nexpect(Utils.filterEmojiAndSpace('  aa  ')).to.be.equal('aa')\nexpect(Utils.filterEmojiAndSpace('a a')).to.be.equal('a a')\ndone()",
              "err": {
                "message": "AssertionError: expected 'aa  ' to equal 'aa'",
                "estack": "AssertionError: expected 'aa  ' to equal 'aa'\n    at Context.done (test\\string.test.js:9:59)",
                "diff": "- aa  \n+ aa\n"
              },
              "uuid": "ecebc0b0-e8c1-42bb-8967-0cf745b40a2b",
              "parentUUID": "832d7f93-de5d-4e07-9417-b2948688533e",
              "isHook": false,
              "skipped": false
            },
            {
              "title": "过滤字符串中的表情和空格 filterEmojiAndSpace",
              "fullTitle": "number 过滤字符串中的表情和空格 filterEmojiAndSpace",
              "timedOut": false,
              "duration": 1,
              "state": "passed",
              "speed": "fast",
              "pass": true,
              "fail": false,
              "pending": false,
              "context": null,
              "code": "expect(Utils.trim('aa')).to.be.equal('aa')\nexpect(Utils.trim('  aa')).to.be.equal('aa')\nexpect(Utils.trim('aa  ')).to.be.equal('aa')\nexpect(Utils.trim('  aa  ')).to.be.equal('aa')\nexpect(Utils.trim('a a')).to.be.equal('a a')\ndone()",
              "err": {},
              "uuid": "51d21fa3-4609-41b8-bec2-888d0a684e02",
              "parentUUID": "832d7f93-de5d-4e07-9417-b2948688533e",
              "isHook": false,
              "skipped": false
            },
            {
              "title": "翻转字符串 reversString",
              "fullTitle": "number 翻转字符串 reversString",
              "timedOut": false,
              "duration": 1,
              "state": "passed",
              "speed": "fast",
              "pass": true,
              "fail": false,
              "pending": false,
              "context": null,
              "code": "expect(Utils.reversString('abc')).to.be.equal('cba')\nexpect(Utils.reversString('')).to.be.equal('')\ndone()",
              "err": {},
              "uuid": "20e4cd95-a340-4eee-983c-7ff306c378f7",
              "parentUUID": "832d7f93-de5d-4e07-9417-b2948688533e",
              "isHook": false,
              "skipped": false
            },
            {
              "title": "生成随机字符串 genRandomStr",
              "fullTitle": "number 生成随机字符串 genRandomStr",
              "timedOut": false,
              "duration": 1,
              "state": "passed",
              "speed": "fast",
              "pass": true,
              "fail": false,
              "pending": false,
              "context": null,
              "code": "expect(Utils.genRandomStr('5')).to.be.length(5)\nexpect(Utils.genRandomStr(5)).to.be.length(5)\nexpect(Utils.genRandomStr(0)).to.be.length(0)\nexpect(Utils.genRandomStr('')).to.be.length(0)\ndone()",
              "err": {},
              "uuid": "4d546f4f-a9c8-4695-abeb-7745f9d6d143",
              "parentUUID": "832d7f93-de5d-4e07-9417-b2948688533e",
              "isHook": false,
              "skipped": false
            }
          ],
          "suites": [],
          "passes": [
            "51d21fa3-4609-41b8-bec2-888d0a684e02",
            "20e4cd95-a340-4eee-983c-7ff306c378f7",
            "4d546f4f-a9c8-4695-abeb-7745f9d6d143"
          ],
          "failures": [
            "ecebc0b0-e8c1-42bb-8967-0cf745b40a2b"
          ],
          "pending": [],
          "skipped": [],
          "duration": 4,
          "root": false,
          "rootEmpty": false,
          "_timeout": 2000
        }
      ],
      "passes": [],
      "failures": [],
      "pending": [],
      "skipped": [],
      "duration": 0,
      "root": true,
      "rootEmpty": true,
      "_timeout": 2000
    }
  ],
  "meta": {
    "mocha": {
      "version": "7.1.1"
    },
    "mochawesome": {
      "options": {
        "quiet": false,
        "reportFilename": "mochawesome",
        "saveHtml": true,
        "saveJson": true,
        "consoleReporter": "spec",
        "useInlineDiffs": false,
        "code": true
      },
      "version": "5.0.0"
    },
    "marge": {
      "options": {
        "reportDir": "./test_report/mocha/"
      },
      "version": "4.1.0"
    }
  }
}