{
  "stats": {
    "suites": 5,
    "tests": 30,
    "passes": 30,
    "pending": 0,
    "failures": 0,
    "start": "2020-04-08T02:34:30.161Z",
    "end": "2020-04-08T02:34:52.036Z",
    "duration": 21875,
    "testsRegistered": 30,
    "passPercent": 100,
    "pendingPercent": 0,
    "other": 0,
    "hasOther": false,
    "skipped": 0,
    "hasSkipped": false
  },
  "results": [
    {
      "uuid": "5a71ee18-673f-48a4-8c12-77df960358e9",
      "title": "",
      "fullFile": "",
      "file": "",
      "beforeHooks": [],
      "afterHooks": [],
      "tests": [],
      "suites": [
        {
          "uuid": "20c49c3c-d1f4-4120-a497-2e2a03cc225a",
          "title": "func",
          "fullFile": "D:\\mycode\\js-util-func\\test\\fun.test.js",
          "file": "\\test\\fun.test.js",
          "beforeHooks": [],
          "afterHooks": [],
          "tests": [
            {
              "title": "计时器-浏览器进程切后台后，去除进程暂停时间 watchTimeInterval",
              "fullTitle": "func 计时器-浏览器进程切后台后，去除进程暂停时间 watchTimeInterval",
              "timedOut": false,
              "duration": 6009,
              "state": "passed",
              "speed": "slow",
              "pass": true,
              "fail": false,
              "pending": false,
              "context": null,
              "code": "let i = 0\nUtils.watchTimeInterval(5, 1000, () => {\n    i++\n}, () => {\n    expect(i).to.be.within(3, 4)\n    done()\n})\nsetTimeout(() => {\n    let time = new Date().getTime();\n    for (; ;) {\n        let current = new Date().getTime()\n        if (current - time > 2 * 1000) {\n            break;\n        }\n    }\n}, 1000)",
              "err": {},
              "uuid": "31d3bb63-000c-42a1-aa80-cb67dcc35318",
              "parentUUID": "20c49c3c-d1f4-4120-a497-2e2a03cc225a",
              "isHook": false,
              "skipped": false
            },
            {
              "title": "计时器-浏览器进程照常执行 watchTimeInterval",
              "fullTitle": "func 计时器-浏览器进程照常执行 watchTimeInterval",
              "timedOut": false,
              "duration": 6002,
              "state": "passed",
              "speed": "slow",
              "pass": true,
              "fail": false,
              "pending": false,
              "context": null,
              "code": "let i = 0\nUtils.watchTimeInterval(5, 1000, () => {\n    i++\n}, () => {\n    expect(i).to.be.equal(5)\n    done()\n})",
              "err": {},
              "uuid": "30441c07-7136-435d-8216-c01988cc958e",
              "parentUUID": "20c49c3c-d1f4-4120-a497-2e2a03cc225a",
              "isHook": false,
              "skipped": false
            },
            {
              "title": "获取链接的参数，返回对象格式 searchParams",
              "fullTitle": "func 获取链接的参数，返回对象格式 searchParams",
              "timedOut": false,
              "duration": 1,
              "state": "passed",
              "speed": "fast",
              "pass": true,
              "fail": false,
              "pending": false,
              "context": null,
              "code": "expect(Utils.searchParams(\"?q=js&qs=n\")).to.deep.equal({ q: 'js', qs: 'n' })\ndone()",
              "err": {},
              "uuid": "81aa3bb6-5191-4a0d-a38e-897539a538a1",
              "parentUUID": "20c49c3c-d1f4-4120-a497-2e2a03cc225a",
              "isHook": false,
              "skipped": false
            },
            {
              "title": "判断是否是空对象 isEmptyObject",
              "fullTitle": "func 判断是否是空对象 isEmptyObject",
              "timedOut": false,
              "duration": 1,
              "state": "passed",
              "speed": "fast",
              "pass": true,
              "fail": false,
              "pending": false,
              "context": null,
              "code": "expect(Utils.isEmptyObject({})).to.be.true\nexpect(Utils.isEmptyObject({ name: 'x' })).to.be.false\nexpect(Utils.isEmptyObject(123)).to.be.false\nexpect(Utils.isEmptyObject(true)).to.be.false\nexpect(Utils.isEmptyObject('string')).to.be.false\nexpect(Utils.isEmptyObject(null)).to.be.false\nexpect(Utils.isEmptyObject(undefined)).to.be.false\ndone()",
              "err": {},
              "uuid": "c30019dc-3892-4ea3-8040-f94e2b5af9f2",
              "parentUUID": "20c49c3c-d1f4-4120-a497-2e2a03cc225a",
              "isHook": false,
              "skipped": false
            },
            {
              "title": "将对象中的值为空字符串、null、undefined 的值过滤掉 filterEmptyVal",
              "fullTitle": "func 将对象中的值为空字符串、null、undefined 的值过滤掉 filterEmptyVal",
              "timedOut": false,
              "duration": 0,
              "state": "passed",
              "speed": "fast",
              "pass": true,
              "fail": false,
              "pending": false,
              "context": null,
              "code": "let before = {\n    name: 'xxx',\n    age: 0,\n    sex: false,\n    a: '',\n    b: null,\n    c: undefined,\n    f: {\n        name: '333',\n        d: ''\n    }\n}\nlet after = {\n    name: 'xxx',\n    age: 0,\n    sex: false,\n    f: {\n        name: '333',\n    }\n}\nexpect(Utils.filterEmptyVal(before)).to.deep.equal(after);\nexpect(Utils.filterEmptyVal(null)).to.be.equal(null)\nexpect(Utils.filterEmptyVal(123)).to.be.equal(123)\ndone()",
              "err": {},
              "uuid": "a29007ad-88b6-4255-971c-99c7c81b7e0d",
              "parentUUID": "20c49c3c-d1f4-4120-a497-2e2a03cc225a",
              "isHook": false,
              "skipped": false
            },
            {
              "title": "将对象的 key 和 value 通过连接符拼接成字符串 deepMakeObjToStr",
              "fullTitle": "func 将对象的 key 和 value 通过连接符拼接成字符串 deepMakeObjToStr",
              "timedOut": false,
              "duration": 0,
              "state": "passed",
              "speed": "fast",
              "pass": true,
              "fail": false,
              "pending": false,
              "context": null,
              "code": "let obj = {\n    name: 'xxx',\n    age: 10,\n    sex: true,\n    list: [\n        { a: 'atext', b: 12, c: false, d: [1, 2, 3, 4, 5, { last: 'last-text', list: [99, 88] }] },\n        { a: 'atext', b: 12, c: false, d: [1, 2, 3, 4, 5, { last: 'last-text', list: [99, 88] }] },\n        { a: { a: { a: 'last-a' } } }\n    ],\n    emptyList:[]\n}\nlet objStr = 'name=xxx&age=10&sex=true&list=0=a=atext&b=12&c=false&d=0=1&1=2&2=3&3=4&4=5&5=last=last-text&list=0=99&1=88&1=a=atext&b=12&c=false&d=0=1&1=2&2=3&3=4&4=5&5=last=last-text&list=0=99&1=88&2=a=a=a=last-a&'\nexpect(Utils.deepMakeObjToStr(obj)).to.be.equal(objStr)\nexpect(Utils.deepMakeObjToStr(null)).to.be.equal(null)\nexpect(Utils.deepMakeObjToStr(true)).to.be.equal(true)\nexpect(Utils.deepMakeObjToStr('true')).to.be.equal('true')\ndone()",
              "err": {},
              "uuid": "f4ae3437-addc-4a0a-be2a-fe7d65725e5c",
              "parentUUID": "20c49c3c-d1f4-4120-a497-2e2a03cc225a",
              "isHook": false,
              "skipped": false
            },
            {
              "title": "将秒数转换成  {day,hour,minute,second} 对象 secondToTime",
              "fullTitle": "func 将秒数转换成  {day,hour,minute,second} 对象 secondToTime",
              "timedOut": false,
              "duration": 0,
              "state": "passed",
              "speed": "fast",
              "pass": true,
              "fail": false,
              "pending": false,
              "context": null,
              "code": "expect(Utils.secondToTime(59)).to.deep.equal({day: 0, hour: 0, minute: 0, second: 59})\nexpect(Utils.secondToTime(60)).to.deep.equal({day: 0, hour: 0, minute: 1, second: 0})\nexpect(Utils.secondToTime(61)).to.deep.equal({day: 0, hour: 0, minute: 1, second: 1})\nexpect(Utils.secondToTime(60 * 60)).to.deep.equal({day: 0, hour: 1, minute: 0, second: 0})\nexpect(Utils.secondToTime(60 * 60 + 1)).to.deep.equal({day: 0, hour: 1, minute: 0, second: 1})\nexpect(Utils.secondToTime(60 * 60 * 24 + 1)).to.deep.equal({day: 1, hour: 0, minute: 0, second: 1})\nexpect(Utils.secondToTime(-1)).to.deep.equal({day: 0, hour: 0, minute: 0, second: 0})\ndone()",
              "err": {},
              "uuid": "e3d87e96-f144-492a-8553-2b9d6dc06ea7",
              "parentUUID": "20c49c3c-d1f4-4120-a497-2e2a03cc225a",
              "isHook": false,
              "skipped": false
            },
            {
              "title": "比较两个对象是否相等 isEqual",
              "fullTitle": "func 比较两个对象是否相等 isEqual",
              "timedOut": false,
              "duration": 0,
              "state": "passed",
              "speed": "fast",
              "pass": true,
              "fail": false,
              "pending": false,
              "context": null,
              "code": "let obj = {\n    name:'xxx',\n    age:0,\n    sex:false,\n    a:'',\n    b:null,\n    c:undefined,\n    f:{\n        name:'333',\n        d:''\n    },\n    list:[\n        {name:'xx',list:[0,1,2]},\n        false,\n        123\n    ]\n}\nlet obj1 = {\n    name:'xxx',\n    age:0,\n    sex:false,\n    a:'',\n    b:null,\n    c:undefined,\n    f:{\n        name:'333',\n        d:''\n    },\n    list:[\n        {name:'xx',list:[0,1,2]},\n        false,\n        123\n    ]\n}\nlet obj2 = {\n    name:'xxx',\n    age:0,\n    sex:false,\n    a:'',\n    b:null,\n    c:undefined,\n    f:{\n        name:'333',\n        d:''\n    },\n    list:[\n        {name:'xx',list:[0,1,4]},\n        false,\n        123\n    ]\n}\nexpect(Utils.isEqual(obj,obj1)).to.be.true;\nexpect(Utils.isEqual(obj,obj2)).to.be.false;\nexpect(Utils.isEqual(123,345)).to.be.false;\nexpect(Utils.isEqual(true,true)).to.be.true;\nexpect(Utils.isEqual({name:'xx'},{name:'xxx',age:10})).to.be.false;\ndone()",
              "err": {},
              "uuid": "7a870fc9-fdb1-4cd8-b733-77495819fc68",
              "parentUUID": "20c49c3c-d1f4-4120-a497-2e2a03cc225a",
              "isHook": false,
              "skipped": false
            },
            {
              "title": "数组去重，值包括基本类型和对象类型 uniqueArray",
              "fullTitle": "func 数组去重，值包括基本类型和对象类型 uniqueArray",
              "timedOut": false,
              "duration": 0,
              "state": "passed",
              "speed": "fast",
              "pass": true,
              "fail": false,
              "pending": false,
              "context": null,
              "code": "expect(Utils.uniqueArray([{name:'a'},{name:'a'},{name:'b'},1,1,2])).to.deep.equal([{name:'a'},{name:'b'},1,2])\nexpect(Utils.uniqueArray([{name:'a',list:[1,2],f:false},{name:'a',list:[1,2],f:false},{name:'b'}])).to.deep.equal([{name:'a',list:[1,2],f:false},{name:'b'}])\nexpect(Utils.uniqueArray([false,false,true,true,0,0,null,null,undefined,undefined])).to.deep.equal([false,true,0,null,undefined])\nexpect(Utils.uniqueArray(123)).to.be.equal(undefined)\ndone()",
              "err": {},
              "uuid": "1b5ab10d-7b2e-4383-9af0-8b61d5fadb85",
              "parentUUID": "20c49c3c-d1f4-4120-a497-2e2a03cc225a",
              "isHook": false,
              "skipped": false
            },
            {
              "title": "线程睡眠 sleep",
              "fullTitle": "func 线程睡眠 sleep",
              "timedOut": false,
              "duration": 0,
              "state": "passed",
              "speed": "fast",
              "pass": true,
              "fail": false,
              "pending": false,
              "context": null,
              "code": "let beginTime = new Date().getTime();\nUtils.sleep(1000).then(()=>{\n    let time =  new Date().getTime() - beginTime;\n    expect(time).to.be.within(1000, 1100)\n})\ndone()",
              "err": {},
              "uuid": "858b442f-e2ba-42b4-8105-b79907563b65",
              "parentUUID": "20c49c3c-d1f4-4120-a497-2e2a03cc225a",
              "isHook": false,
              "skipped": false
            }
          ],
          "suites": [],
          "passes": [
            "31d3bb63-000c-42a1-aa80-cb67dcc35318",
            "30441c07-7136-435d-8216-c01988cc958e",
            "81aa3bb6-5191-4a0d-a38e-897539a538a1",
            "c30019dc-3892-4ea3-8040-f94e2b5af9f2",
            "a29007ad-88b6-4255-971c-99c7c81b7e0d",
            "f4ae3437-addc-4a0a-be2a-fe7d65725e5c",
            "e3d87e96-f144-492a-8553-2b9d6dc06ea7",
            "7a870fc9-fdb1-4cd8-b733-77495819fc68",
            "1b5ab10d-7b2e-4383-9af0-8b61d5fadb85",
            "858b442f-e2ba-42b4-8105-b79907563b65"
          ],
          "failures": [],
          "pending": [],
          "skipped": [],
          "duration": 12013,
          "root": false,
          "rootEmpty": false,
          "_timeout": 30000
        },
        {
          "uuid": "84778204-6eca-4151-8b88-1e28c18a9665",
          "title": "number",
          "fullFile": "D:\\mycode\\js-util-func\\test\\number.test.js",
          "file": "\\test\\number.test.js",
          "beforeHooks": [],
          "afterHooks": [],
          "tests": [
            {
              "title": "金额千分化 moneyThousandFormat",
              "fullTitle": "number 金额千分化 moneyThousandFormat",
              "timedOut": false,
              "duration": 1,
              "state": "passed",
              "speed": "fast",
              "pass": true,
              "fail": false,
              "pending": false,
              "context": null,
              "code": "expect(Utils.moneyThousandFormat('9',0)).to.equal('9');\nexpect(Utils.moneyThousandFormat('9.9',-1)).to.equal('9.9');\nexpect(Utils.moneyThousandFormat(9)).to.equal('9');\nexpect(Utils.moneyThousandFormat(99)).to.equal('99');\nexpect(Utils.moneyThousandFormat(999)).to.equal('999');\nexpect(Utils.moneyThousandFormat(9999)).to.equal('9,999');\nexpect(Utils.moneyThousandFormat(9.355, 2)).to.equal('9.36');\nexpect(Utils.moneyThousandFormat(99.355, 2)).to.equal('99.36');\nexpect(Utils.moneyThousandFormat(9999.355, 2)).to.equal('9,999.36');\ndone()",
              "err": {},
              "uuid": "a8abff5c-42f4-49ff-b119-500246896390",
              "parentUUID": "84778204-6eca-4151-8b88-1e28c18a9665",
              "isHook": false,
              "skipped": false
            },
            {
              "title": "四舍五入 toFixed",
              "fullTitle": "number 四舍五入 toFixed",
              "timedOut": false,
              "duration": 1,
              "state": "passed",
              "speed": "fast",
              "pass": true,
              "fail": false,
              "pending": false,
              "context": null,
              "code": "expect(Utils.toFixed('1.2345',2)).to.equal(1.23)\nexpect(Utils.toFixed(1.2345,2)).to.equal(1.23)\nexpect(Utils.toFixed(1.2355,2)).to.equal(1.24)\nexpect(Utils.toFixed(1.23)).to.equal(1)\nexpect(Utils.toFixed(1.23,-1)).to.equal(1.23)\ndone()",
              "err": {},
              "uuid": "5f340de3-1d7b-4629-a54f-ec3bf448cb10",
              "parentUUID": "84778204-6eca-4151-8b88-1e28c18a9665",
              "isHook": false,
              "skipped": false
            },
            {
              "title": "数值前补零 numAddZero",
              "fullTitle": "number 数值前补零 numAddZero",
              "timedOut": false,
              "duration": 1,
              "state": "passed",
              "speed": "fast",
              "pass": true,
              "fail": false,
              "pending": false,
              "context": null,
              "code": "expect(Utils.numAddZero('9',2)).to.equal('09')\nexpect(Utils.numAddZero(9,2)).to.equal('09')\nexpect(Utils.numAddZero(9,3)).to.equal('009')\nexpect(Utils.numAddZero(9,1)).to.equal('9')\nexpect(Utils.numAddZero(9,0)).to.equal('9')\nexpect(Utils.numAddZero(9,-1)).to.equal('9')\nexpect(Utils.numAddZero(9.9)).to.equal('9.9')\nexpect(Utils.numAddZero(9.9,2)).to.equal('09.9')\nexpect(Utils.numAddZero(-9.9,2)).to.equal('-09.9')\ndone()",
              "err": {},
              "uuid": "a1f379c2-e54b-4928-9c22-d1d08442699b",
              "parentUUID": "84778204-6eca-4151-8b88-1e28c18a9665",
              "isHook": false,
              "skipped": false
            },
            {
              "title": "浮点数末尾补零 0 floatAddZero",
              "fullTitle": "number 浮点数末尾补零 0 floatAddZero",
              "timedOut": false,
              "duration": 0,
              "state": "passed",
              "speed": "fast",
              "pass": true,
              "fail": false,
              "pending": false,
              "context": null,
              "code": "expect(Utils.floatAddZero('1.2',2)).to.equal('1.20')\nexpect(Utils.floatAddZero(1.2,2)).to.equal('1.20')\nexpect(Utils.floatAddZero(1.2,1)).to.equal('1.2')\nexpect(Utils.floatAddZero(1.2,0)).to.equal('1.2')\nexpect(Utils.floatAddZero(1.2)).to.equal('1.2')\nexpect(Utils.floatAddZero(-1.2,2)).to.equal('-1.20')\nexpect(Utils.floatAddZero(1.234,2)).to.equal('1.234')\nexpect(Utils.floatAddZero(1.234,2)).to.equal('1.234')\nexpect(Utils.floatAddZero(1,2)).to.equal('1.00')\ndone()",
              "err": {},
              "uuid": "c590bb59-a442-4eef-bb3a-aaad180498e6",
              "parentUUID": "84778204-6eca-4151-8b88-1e28c18a9665",
              "isHook": false,
              "skipped": false
            },
            {
              "title": "保留小数点后n位，不进行四舍五入操作 splitPoint",
              "fullTitle": "number 保留小数点后n位，不进行四舍五入操作 splitPoint",
              "timedOut": false,
              "duration": 0,
              "state": "passed",
              "speed": "fast",
              "pass": true,
              "fail": false,
              "pending": false,
              "context": null,
              "code": "expect(Utils.splitPoint('1.235',2)).to.equal('1.23')\nexpect(Utils.splitPoint(1.235,2)).to.equal('1.23')\nexpect(Utils.splitPoint(1.234,1)).to.equal('1.2')\nexpect(Utils.splitPoint(1.234,0)).to.equal('1')\nexpect(Utils.splitPoint(1.234,-1)).to.equal('1.234')\ndone()",
              "err": {},
              "uuid": "149dc8ef-dabe-4ff6-820e-a760a6de21d6",
              "parentUUID": "84778204-6eca-4151-8b88-1e28c18a9665",
              "isHook": false,
              "skipped": false
            },
            {
              "title": "小数格式化成百分数 decimalToPercent",
              "fullTitle": "number 小数格式化成百分数 decimalToPercent",
              "timedOut": false,
              "duration": 0,
              "state": "passed",
              "speed": "fast",
              "pass": true,
              "fail": false,
              "pending": false,
              "context": null,
              "code": "expect(Utils.decimalToPercent('0.23')).to.equal('23')\nexpect(Utils.decimalToPercent(0.23)).to.equal('23')\nexpect(Utils.decimalToPercent(1.23)).to.equal('1.23')\nexpect(Utils.decimalToPercent(0.234)).to.equal('23.4')\nexpect(Utils.decimalToPercent(0.234,2)).to.equal('23.40')\nexpect(Utils.decimalToPercent(0.234,1)).to.equal('23.4')\ndone()",
              "err": {},
              "uuid": "a8d2ea37-5ea5-4c45-b3a0-405c6727d96f",
              "parentUUID": "84778204-6eca-4151-8b88-1e28c18a9665",
              "isHook": false,
              "skipped": false
            },
            {
              "title": "金额转大写 moneyUppercase",
              "fullTitle": "number 金额转大写 moneyUppercase",
              "timedOut": false,
              "duration": 0,
              "state": "passed",
              "speed": "fast",
              "pass": true,
              "fail": false,
              "pending": false,
              "context": null,
              "code": "expect(Utils.moneyUppercase('1.2')).to.equal('壹元贰角')\nexpect(Utils.moneyUppercase(1.2)).to.equal('壹元贰角')\nexpect(Utils.moneyUppercase(1.20)).to.equal('壹元贰角')\nexpect(Utils.moneyUppercase(999.99)).to.equal('玖佰玖拾玖元玖角玖分')\nexpect(Utils.moneyUppercase(9999999999.99)).to.equal('玖拾玖亿玖仟玖佰玖拾玖万玖仟玖佰玖拾玖元玖角玖分')\ndone()",
              "err": {},
              "uuid": "b1925c8c-00aa-4036-8cd3-6de265ca2894",
              "parentUUID": "84778204-6eca-4151-8b88-1e28c18a9665",
              "isHook": false,
              "skipped": false
            }
          ],
          "suites": [],
          "passes": [
            "a8abff5c-42f4-49ff-b119-500246896390",
            "5f340de3-1d7b-4629-a54f-ec3bf448cb10",
            "a1f379c2-e54b-4928-9c22-d1d08442699b",
            "c590bb59-a442-4eef-bb3a-aaad180498e6",
            "149dc8ef-dabe-4ff6-820e-a760a6de21d6",
            "a8d2ea37-5ea5-4c45-b3a0-405c6727d96f",
            "b1925c8c-00aa-4036-8cd3-6de265ca2894"
          ],
          "failures": [],
          "pending": [],
          "skipped": [],
          "duration": 3,
          "root": false,
          "rootEmpty": false,
          "_timeout": 30000
        },
        {
          "uuid": "49f38674-98f8-4a33-8ed0-6ee9e6d5dc50",
          "title": "string",
          "fullFile": "D:\\mycode\\js-util-func\\test\\string.test.js",
          "file": "\\test\\string.test.js",
          "beforeHooks": [],
          "afterHooks": [],
          "tests": [
            {
              "title": "过滤字符串中的表情和空格 filterEmojiAndSpace",
              "fullTitle": "string 过滤字符串中的表情和空格 filterEmojiAndSpace",
              "timedOut": false,
              "duration": 0,
              "state": "passed",
              "speed": "fast",
              "pass": true,
              "fail": false,
              "pending": false,
              "context": null,
              "code": "expect(Utils.filterEmojiAndSpace('aa')).to.be.equal('aa')\ndone()",
              "err": {},
              "uuid": "76857e1c-6592-4405-a1f5-e3fe60f728fd",
              "parentUUID": "49f38674-98f8-4a33-8ed0-6ee9e6d5dc50",
              "isHook": false,
              "skipped": false
            },
            {
              "title": "过滤字符串前后空格 trim",
              "fullTitle": "string 过滤字符串前后空格 trim",
              "timedOut": false,
              "duration": 0,
              "state": "passed",
              "speed": "fast",
              "pass": true,
              "fail": false,
              "pending": false,
              "context": null,
              "code": "expect(Utils.trim('aa')).to.be.equal('aa')\nexpect(Utils.trim('  aa')).to.be.equal('aa')\nexpect(Utils.trim('aa  ')).to.be.equal('aa')\nexpect(Utils.trim('  aa  ')).to.be.equal('aa')\nexpect(Utils.trim('a a')).to.be.equal('a a')\ndone()",
              "err": {},
              "uuid": "67a9c858-590b-42d4-a668-cae9bcb08634",
              "parentUUID": "49f38674-98f8-4a33-8ed0-6ee9e6d5dc50",
              "isHook": false,
              "skipped": false
            },
            {
              "title": "翻转字符串 reversString",
              "fullTitle": "string 翻转字符串 reversString",
              "timedOut": false,
              "duration": 0,
              "state": "passed",
              "speed": "fast",
              "pass": true,
              "fail": false,
              "pending": false,
              "context": null,
              "code": "expect(Utils.reversString('abc')).to.be.equal('cba')\nexpect(Utils.reversString('')).to.be.equal('')\nexpect(Utils.reversString(123)).to.be.equal(123)\ndone()",
              "err": {},
              "uuid": "28be1c84-0b8b-47d7-b377-ff21c4d150b6",
              "parentUUID": "49f38674-98f8-4a33-8ed0-6ee9e6d5dc50",
              "isHook": false,
              "skipped": false
            },
            {
              "title": "生成随机字符串 genRandomStr",
              "fullTitle": "string 生成随机字符串 genRandomStr",
              "timedOut": false,
              "duration": 1,
              "state": "passed",
              "speed": "fast",
              "pass": true,
              "fail": false,
              "pending": false,
              "context": null,
              "code": "expect(Utils.genRandomStr('5')).to.be.length(5)\nexpect(Utils.genRandomStr(5)).to.be.length(5)\nexpect(Utils.genRandomStr(0)).to.be.length(0)\nexpect(Utils.genRandomStr('')).to.be.length(0)\ndone()",
              "err": {},
              "uuid": "bdb376d1-db77-4b75-b664-3364426a8005",
              "parentUUID": "49f38674-98f8-4a33-8ed0-6ee9e6d5dc50",
              "isHook": false,
              "skipped": false
            }
          ],
          "suites": [],
          "passes": [
            "76857e1c-6592-4405-a1f5-e3fe60f728fd",
            "67a9c858-590b-42d4-a668-cae9bcb08634",
            "28be1c84-0b8b-47d7-b377-ff21c4d150b6",
            "bdb376d1-db77-4b75-b664-3364426a8005"
          ],
          "failures": [],
          "pending": [],
          "skipped": [],
          "duration": 1,
          "root": false,
          "rootEmpty": false,
          "_timeout": 30000
        },
        {
          "uuid": "812826ec-a50d-4a5e-91a2-0127920d3643",
          "title": "time_notify",
          "fullFile": "D:\\mycode\\js-util-func\\test\\time_notify.test.js",
          "file": "\\test\\time_notify.test.js",
          "beforeHooks": [],
          "afterHooks": [],
          "tests": [
            {
              "title": "多个定时间校准",
              "fullTitle": "time_notify 多个定时间校准",
              "timedOut": false,
              "duration": 6000,
              "state": "passed",
              "speed": "slow",
              "pass": true,
              "fail": false,
              "pending": false,
              "context": null,
              "code": "let re = 0;\nclass Plan {\n    constructor(i, time) {\n        this.time = time;\n    }\n    run({ leftCountdownTime }) {\n        if (leftCountdownTime > 0) {re++}\n    }\n    getTime() {return this.time}\n}\nconst suspendTimeNotify = new Utils.SuspendTimeNotify({ intervalPoint: 1000 });\nfor (let i = 1; i < 3; i++) {\n    const plan = new Plan(i, 5 * 1000)\n    const ob = new Utils.SuspendTimeObserve(plan, plan.getTime())\n    suspendTimeNotify.attach(ob)\n}\nsuspendTimeNotify.start()\nsetTimeout(()=>{\n    suspendTimeNotify.stop()\n    expect(re).to.be.equal(8)\n    done()\n},6000)",
              "err": {},
              "uuid": "70fedaa6-bc76-4a3a-8ac7-2b0d0d593939",
              "parentUUID": "812826ec-a50d-4a5e-91a2-0127920d3643",
              "isHook": false,
              "skipped": false
            },
            {
              "title": "多个定时间校准-默认时间间隔",
              "fullTitle": "time_notify 多个定时间校准-默认时间间隔",
              "timedOut": false,
              "duration": 3801,
              "state": "passed",
              "speed": "slow",
              "pass": true,
              "fail": false,
              "pending": false,
              "context": null,
              "code": "let re = 0;\nclass Plan {\n    constructor(i, time) {\n        this.time = time;\n    }\n    run({ leftCountdownTime }) {\n        if (leftCountdownTime <= 0) {re++}\n    }\n    getTime() {return this.time}\n}\nconst suspendTimeNotify = new Utils.SuspendTimeNotify();\nfor (let i = 1; i < 3; i++) {\n    const plan = new Plan(i, 3 * 1000)\n    const ob = new Utils.SuspendTimeObserve(plan, plan.getTime())\n    suspendTimeNotify.attach(ob)\n}\nsuspendTimeNotify.start()\nsetTimeout(()=>{\n    suspendTimeNotify.stop()\n    expect(re).to.be.equal(2)\n    done()\n},3800)",
              "err": {},
              "uuid": "5b982ec9-0a92-4c58-a860-271f88cf46a5",
              "parentUUID": "812826ec-a50d-4a5e-91a2-0127920d3643",
              "isHook": false,
              "skipped": false
            }
          ],
          "suites": [],
          "passes": [
            "70fedaa6-bc76-4a3a-8ac7-2b0d0d593939",
            "5b982ec9-0a92-4c58-a860-271f88cf46a5"
          ],
          "failures": [],
          "pending": [],
          "skipped": [],
          "duration": 9801,
          "root": false,
          "rootEmpty": false,
          "_timeout": 30000
        },
        {
          "uuid": "c3788946-86a8-4838-8a9c-325fbcac8ee9",
          "title": "func",
          "fullFile": "D:\\mycode\\js-util-func\\test\\validate.test.js",
          "file": "\\test\\validate.test.js",
          "beforeHooks": [],
          "afterHooks": [],
          "tests": [
            {
              "title": "验证手机号是否合法 isPhoneNumber",
              "fullTitle": "func 验证手机号是否合法 isPhoneNumber",
              "timedOut": false,
              "duration": 0,
              "state": "passed",
              "speed": "fast",
              "pass": true,
              "fail": false,
              "pending": false,
              "context": null,
              "code": "expect(Utils.isPhoneNumber('18512344321')).to.be.true;\nexpect(Utils.isPhoneNumber(18512344321)).to.be.true;\nexpect(Utils.isPhoneNumber(11012344321)).to.be.true;\nexpect(Utils.isPhoneNumber(1851234432)).to.be.false;\nexpect(Utils.isPhoneNumber(185123443211)).to.be.false;\nexpect(Utils.isPhoneNumber(20012344321)).to.be.false;\nexpect(Utils.isPhoneNumber(\"1001234432x\")).to.be.false;\ndone()",
              "err": {},
              "uuid": "65c10cec-73d5-4d0d-b30c-f4f1637dddf9",
              "parentUUID": "c3788946-86a8-4838-8a9c-325fbcac8ee9",
              "isHook": false,
              "skipped": false
            },
            {
              "title": "判断平台是否是iOS isiOS",
              "fullTitle": "func 判断平台是否是iOS isiOS",
              "timedOut": false,
              "duration": 1,
              "state": "passed",
              "speed": "fast",
              "pass": true,
              "fail": false,
              "pending": false,
              "context": null,
              "code": "expect(Utils.isiOS('Mozilla/5.0 (iPhone; CPU iPhone OS 13_2_3 like Mac OS X) AppleWebKit/605.1.15 (KHTML, like Gecko) Version/13.0.3 Mobile/15E148 Safari/604.1')).to.be.true;\nexpect(Utils.isiOS('Mozilla/5.0 (iPad; CPU OS 11_0 like Mac OS X) AppleWebKit/604.1.34 (KHTML, like Gecko) Version/11.0 Mobile/15A5341f Safari/604.1')).to.be.true;\nexpect(Utils.isiOS('Mozilla/5.0 (Linux; Android 8.0.0; Pixel 2 XL Build/OPD1.170816.004) AppleWebKit/537.36 (KHTML, like Gecko) Chrome/80.0.3987.149 Mobile Safari/537.36')).to.be.false;\nexpect(Utils.isiOS('Mozilla/5.0 (Windows NT 10.0; Win64; x64) AppleWebKit/537.36 (KHTML, like Gecko) Chrome/80.0.3987.149 Safari/537.36')).to.be.false;\ndone()",
              "err": {},
              "uuid": "ead691e9-d011-4f02-afb1-d01d322761bd",
              "parentUUID": "c3788946-86a8-4838-8a9c-325fbcac8ee9",
              "isHook": false,
              "skipped": false
            },
            {
              "title": "判断平台是否是安卓 isAndroid",
              "fullTitle": "func 判断平台是否是安卓 isAndroid",
              "timedOut": false,
              "duration": 0,
              "state": "passed",
              "speed": "fast",
              "pass": true,
              "fail": false,
              "pending": false,
              "context": null,
              "code": "expect(Utils.isAndroid('Mozilla/5.0 (iPhone; CPU iPhone OS 13_2_3 like Mac OS X) AppleWebKit/605.1.15 (KHTML, like Gecko) Version/13.0.3 Mobile/15E148 Safari/604.1')).to.be.false;\nexpect(Utils.isAndroid('Mozilla/5.0 (iPad; CPU OS 11_0 like Mac OS X) AppleWebKit/604.1.34 (KHTML, like Gecko) Version/11.0 Mobile/15A5341f Safari/604.1')).to.be.false;\nexpect(Utils.isAndroid('Mozilla/5.0 (Linux; Android 8.0.0; Pixel 2 XL Build/OPD1.170816.004) AppleWebKit/537.36 (KHTML, like Gecko) Chrome/80.0.3987.149 Mobile Safari/537.36')).to.be.true;\nexpect(Utils.isAndroid('Mozilla/5.0 (Windows NT 10.0; Win64; x64) AppleWebKit/537.36 (KHTML, like Gecko) Chrome/80.0.3987.149 Safari/537.36')).to.be.false;\ndone()",
              "err": {},
              "uuid": "9348cc55-ec36-410d-b112-4dbfe17c2c8a",
              "parentUUID": "c3788946-86a8-4838-8a9c-325fbcac8ee9",
              "isHook": false,
              "skipped": false
            },
            {
              "title": "判断平台是否是微信 isWechat",
              "fullTitle": "func 判断平台是否是微信 isWechat",
              "timedOut": false,
              "duration": 0,
              "state": "passed",
              "speed": "fast",
              "pass": true,
              "fail": false,
              "pending": false,
              "context": null,
              "code": "expect(Utils.isWechat('Mozilla/5.0 (iPad; CPU OS 11_0 like Mac OS X) AppleWebKit/604.1.34 (KHTML, like Gecko) Version/11.0 Mobile/15A5341f Safari/604.1')).to.be.false;\nexpect(Utils.isWechat('Mozilla/5.0 (iPhone; CPU iPhone OS 10_3_1 like Mac OS X) AppleWebKit/603.1.3 (KHTML, like Gecko) Version/10.0 Mobile/14E304 Safari/602.1 MicroMessenger/7.0.4 Language/zh_CN webview/15862284440296316')).to.be.true;\ndone()",
              "err": {},
              "uuid": "c1ee09c8-dc38-4ae8-a081-2aa4e062dd5c",
              "parentUUID": "c3788946-86a8-4838-8a9c-325fbcac8ee9",
              "isHook": false,
              "skipped": false
            },
            {
              "title": "是否是对象类型 isObject",
              "fullTitle": "func 是否是对象类型 isObject",
              "timedOut": false,
              "duration": 0,
              "state": "passed",
              "speed": "fast",
              "pass": true,
              "fail": false,
              "pending": false,
              "context": null,
              "code": "expect(Utils.isObject({})).to.be.true;\nexpect(Utils.isObject()).to.be.false;\nexpect(Utils.isObject(null)).to.be.false;\nexpect(Utils.isObject(123)).to.be.false;\nexpect(Utils.isObject('123')).to.be.false;\ndone()",
              "err": {},
              "uuid": "3a8389d5-5083-4636-9b99-c798586e7a76",
              "parentUUID": "c3788946-86a8-4838-8a9c-325fbcac8ee9",
              "isHook": false,
              "skipped": false
            },
            {
              "title": "是否是邮箱格式 isEmail",
              "fullTitle": "func 是否是邮箱格式 isEmail",
              "timedOut": false,
              "duration": 1,
              "state": "passed",
              "speed": "fast",
              "pass": true,
              "fail": false,
              "pending": false,
              "context": null,
              "code": "expect(Utils.isEmail('lama.loca.loca123@inca.com')).to.be.true\nexpect(Utils.isEmail('pio_pio@factory.com')).to.be.true\nexpect(Utils.isEmail('testmail@mail.com.de')).to.be.true\nexpect(Utils.isEmail('carnival666@hellmail.com')).to.be.true\nexpect(Utils.isEmail(' testmail@mail.com')).to.be.false\nexpect(Utils.isEmail('testmail@mail.com.')).to.be.false\nexpect(Utils.isEmail('testm ail@mail.com')).to.be.false\ndone()",
              "err": {},
              "uuid": "51285b93-6d00-4f14-a5f4-3e15c1eb734e",
              "parentUUID": "c3788946-86a8-4838-8a9c-325fbcac8ee9",
              "isHook": false,
              "skipped": false
            },
            {
              "title": "判断目标值是否是 Null isNull",
              "fullTitle": "func 判断目标值是否是 Null isNull",
              "timedOut": false,
              "duration": 1,
              "state": "passed",
              "speed": "fast",
              "pass": true,
              "fail": false,
              "pending": false,
              "context": null,
              "code": "expect(Utils.isNull({})).to.be.false;\nexpect(Utils.isNull()).to.be.false;\nexpect(Utils.isNull(null)).to.be.true;\nexpect(Utils.isNull(123)).to.be.false;\nexpect(Utils.isNull('123')).to.be.false;\ndone()",
              "err": {},
              "uuid": "33bfb48f-22a4-490f-b750-186701052baa",
              "parentUUID": "c3788946-86a8-4838-8a9c-325fbcac8ee9",
              "isHook": false,
              "skipped": false
            }
          ],
          "suites": [],
          "passes": [
            "65c10cec-73d5-4d0d-b30c-f4f1637dddf9",
            "ead691e9-d011-4f02-afb1-d01d322761bd",
            "9348cc55-ec36-410d-b112-4dbfe17c2c8a",
            "c1ee09c8-dc38-4ae8-a081-2aa4e062dd5c",
            "3a8389d5-5083-4636-9b99-c798586e7a76",
            "51285b93-6d00-4f14-a5f4-3e15c1eb734e",
            "33bfb48f-22a4-490f-b750-186701052baa"
          ],
          "failures": [],
          "pending": [],
          "skipped": [],
          "duration": 3,
          "root": false,
          "rootEmpty": false,
          "_timeout": 30000
        }
      ],
      "passes": [],
      "failures": [],
      "pending": [],
      "skipped": [],
      "duration": 0,
      "root": true,
      "rootEmpty": true,
      "_timeout": 30000
    }
  ],
  "meta": {
    "mocha": {
      "version": "7.1.1"
    },
    "mochawesome": {
      "options": {
        "quiet": false,
        "reportFilename": "mochawesome",
        "saveHtml": true,
        "saveJson": true,
        "consoleReporter": "spec",
        "useInlineDiffs": false,
        "code": true
      },
      "version": "5.0.0"
    },
    "marge": {
      "options": {
        "reportDir": "./test_report/mocha/"
      },
      "version": "4.1.0"
    }
  }
}