{
  "stats": {
    "suites": 1,
    "tests": 1,
    "passes": 1,
    "pending": 0,
    "failures": 0,
    "start": "2020-04-02T08:09:29.797Z",
    "end": "2020-04-02T08:09:29.802Z",
    "duration": 5,
    "testsRegistered": 1,
    "passPercent": 100,
    "pendingPercent": 0,
    "other": 0,
    "hasOther": false,
    "skipped": 0,
    "hasSkipped": false
  },
  "results": [
    {
      "uuid": "9a4ddd6c-69ee-4afd-a69f-20e8f6b014cb",
      "title": "",
      "fullFile": "",
      "file": "",
      "beforeHooks": [],
      "afterHooks": [],
      "tests": [],
      "suites": [
        {
          "uuid": "58744134-d0dd-4c31-acc1-31fa5ab8750b",
          "title": "xxx",
          "fullFile": "D:\\mycode\\js-util-func\\test\\number.test.js",
          "file": "\\test\\number.test.js",
          "beforeHooks": [],
          "afterHooks": [],
          "tests": [
            {
              "title": "mmm",
              "fullTitle": "xxx mmm",
              "timedOut": false,
              "duration": 1,
              "state": "passed",
              "speed": "fast",
              "pass": true,
              "fail": false,
              "pending": false,
              "context": null,
              "code": "expect(Utils.toFixed(1.2345, 2)).to.equal(1.23)\ndone()",
              "err": {},
              "uuid": "7a185b90-4da9-49cc-a425-bcb1fdef494d",
              "parentUUID": "58744134-d0dd-4c31-acc1-31fa5ab8750b",
              "isHook": false,
              "skipped": false
            }
          ],
          "suites": [],
          "passes": [
            "7a185b90-4da9-49cc-a425-bcb1fdef494d"
          ],
          "failures": [],
          "pending": [],
          "skipped": [],
          "duration": 1,
          "root": false,
          "rootEmpty": false,
          "_timeout": 2000
        }
      ],
      "passes": [],
      "failures": [],
      "pending": [],
      "skipped": [],
      "duration": 0,
      "root": true,
      "rootEmpty": true,
      "_timeout": 2000
    }
  ],
  "meta": {
    "mocha": {
      "version": "7.1.1"
    },
    "mochawesome": {
      "options": {
        "quiet": false,
        "reportFilename": "mochawesome",
        "saveHtml": true,
        "saveJson": true,
        "consoleReporter": "spec",
        "useInlineDiffs": false,
        "code": true
      },
      "version": "5.0.0"
    },
    "marge": {
      "options": {
        "reportDir": "./test_report/mocha/"
      },
      "version": "4.1.0"
    }
  }
}