{
  "stats": {
    "suites": 4,
    "tests": 27,
    "passes": 7,
    "pending": 20,
    "failures": 0,
    "start": "2020-04-07T03:06:39.766Z",
    "end": "2020-04-07T03:06:39.798Z",
    "duration": 32,
    "testsRegistered": 27,
    "passPercent": 100,
    "pendingPercent": 74.07407407407408,
    "other": 0,
    "hasOther": false,
    "skipped": 0,
    "hasSkipped": false
  },
  "results": [
    {
      "uuid": "af01f1c5-f0ae-429b-9536-15de3e93a173",
      "title": "",
      "fullFile": "",
      "file": "",
      "beforeHooks": [],
      "afterHooks": [],
      "tests": [],
      "suites": [
        {
          "uuid": "ef43082a-8dda-4ab6-82c5-cdd825c30391",
          "title": "func",
          "fullFile": "D:\\mycode\\js-util-func\\test\\fun.test.js",
          "file": "\\test\\fun.test.js",
          "beforeHooks": [],
          "afterHooks": [],
          "tests": [
            {
              "title": "计时器-浏览器进程切后台后，去除进程暂停时间 watchTimeInterval",
              "fullTitle": "func 计时器-浏览器进程切后台后，去除进程暂停时间 watchTimeInterval",
              "timedOut": false,
              "duration": 0,
              "state": null,
              "speed": null,
              "pass": false,
              "fail": false,
              "pending": true,
              "context": null,
              "code": "",
              "err": {},
              "uuid": "7d610e20-8408-4e2e-abc6-7db0d997ecc8",
              "parentUUID": "ef43082a-8dda-4ab6-82c5-cdd825c30391",
              "isHook": false,
              "skipped": false
            },
            {
              "title": "获取链接的参数，返回对象格式 searchParams",
              "fullTitle": "func 获取链接的参数，返回对象格式 searchParams",
              "timedOut": false,
              "duration": 0,
              "state": null,
              "speed": null,
              "pass": false,
              "fail": false,
              "pending": true,
              "context": null,
              "code": "",
              "err": {},
              "uuid": "04b424ae-f59f-4438-9867-2f6fd5e8b920",
              "parentUUID": "ef43082a-8dda-4ab6-82c5-cdd825c30391",
              "isHook": false,
              "skipped": false
            },
            {
              "title": "判断是否是空对象 isEmptyObject",
              "fullTitle": "func 判断是否是空对象 isEmptyObject",
              "timedOut": false,
              "duration": 0,
              "state": null,
              "speed": null,
              "pass": false,
              "fail": false,
              "pending": true,
              "context": null,
              "code": "",
              "err": {},
              "uuid": "4e87926f-81a0-4087-b665-328de627f601",
              "parentUUID": "ef43082a-8dda-4ab6-82c5-cdd825c30391",
              "isHook": false,
              "skipped": false
            },
            {
              "title": "将对象中的值为空字符串、null、undefined 的值过滤掉 filterEmptyVal",
              "fullTitle": "func 将对象中的值为空字符串、null、undefined 的值过滤掉 filterEmptyVal",
              "timedOut": false,
              "duration": 0,
              "state": null,
              "speed": null,
              "pass": false,
              "fail": false,
              "pending": true,
              "context": null,
              "code": "",
              "err": {},
              "uuid": "a273c71d-547a-4d42-a022-e5cbbf289602",
              "parentUUID": "ef43082a-8dda-4ab6-82c5-cdd825c30391",
              "isHook": false,
              "skipped": false
            },
            {
              "title": "将对象的 key 和 value 通过连接符拼接成字符串 deepMakeObjToStr",
              "fullTitle": "func 将对象的 key 和 value 通过连接符拼接成字符串 deepMakeObjToStr",
              "timedOut": false,
              "duration": 0,
              "state": null,
              "speed": null,
              "pass": false,
              "fail": false,
              "pending": true,
              "context": null,
              "code": "",
              "err": {},
              "uuid": "80788aac-40a2-416f-b24c-81af9eb1f57c",
              "parentUUID": "ef43082a-8dda-4ab6-82c5-cdd825c30391",
              "isHook": false,
              "skipped": false
            },
            {
              "title": "将秒数转换成  {day,hour,minute,second} 对象 secondToTime",
              "fullTitle": "func 将秒数转换成  {day,hour,minute,second} 对象 secondToTime",
              "timedOut": false,
              "duration": 0,
              "state": null,
              "speed": null,
              "pass": false,
              "fail": false,
              "pending": true,
              "context": null,
              "code": "",
              "err": {},
              "uuid": "d8a72abd-17d2-4c1b-9658-0cdad73ff3bf",
              "parentUUID": "ef43082a-8dda-4ab6-82c5-cdd825c30391",
              "isHook": false,
              "skipped": false
            },
            {
              "title": "比较两个对象是否相等 isEqual",
              "fullTitle": "func 比较两个对象是否相等 isEqual",
              "timedOut": false,
              "duration": 0,
              "state": null,
              "speed": null,
              "pass": false,
              "fail": false,
              "pending": true,
              "context": null,
              "code": "",
              "err": {},
              "uuid": "bd537aed-1065-49d0-be2b-17ea8bef0b2d",
              "parentUUID": "ef43082a-8dda-4ab6-82c5-cdd825c30391",
              "isHook": false,
              "skipped": false
            },
            {
              "title": "数组去重，值包括基本类型和对象类型 uniqueArray",
              "fullTitle": "func 数组去重，值包括基本类型和对象类型 uniqueArray",
              "timedOut": false,
              "duration": 0,
              "state": null,
              "speed": null,
              "pass": false,
              "fail": false,
              "pending": true,
              "context": null,
              "code": "",
              "err": {},
              "uuid": "86040fdd-b7c2-45a8-ad00-9dfaed16962c",
              "parentUUID": "ef43082a-8dda-4ab6-82c5-cdd825c30391",
              "isHook": false,
              "skipped": false
            },
            {
              "title": "线程睡眠 sleep",
              "fullTitle": "func 线程睡眠 sleep",
              "timedOut": false,
              "duration": 0,
              "state": null,
              "speed": null,
              "pass": false,
              "fail": false,
              "pending": true,
              "context": null,
              "code": "",
              "err": {},
              "uuid": "9abcb904-7d16-4b46-9903-9941f0169efb",
              "parentUUID": "ef43082a-8dda-4ab6-82c5-cdd825c30391",
              "isHook": false,
              "skipped": false
            }
          ],
          "suites": [],
          "passes": [],
          "failures": [],
          "pending": [
            "7d610e20-8408-4e2e-abc6-7db0d997ecc8",
            "04b424ae-f59f-4438-9867-2f6fd5e8b920",
            "4e87926f-81a0-4087-b665-328de627f601",
            "a273c71d-547a-4d42-a022-e5cbbf289602",
            "80788aac-40a2-416f-b24c-81af9eb1f57c",
            "d8a72abd-17d2-4c1b-9658-0cdad73ff3bf",
            "bd537aed-1065-49d0-be2b-17ea8bef0b2d",
            "86040fdd-b7c2-45a8-ad00-9dfaed16962c",
            "9abcb904-7d16-4b46-9903-9941f0169efb"
          ],
          "skipped": [],
          "duration": 0,
          "root": false,
          "rootEmpty": false,
          "_timeout": 30000
        },
        {
          "uuid": "307248e8-6a68-4682-ad83-02741fc560f4",
          "title": "number",
          "fullFile": "D:\\mycode\\js-util-func\\test\\number.test.js",
          "file": "\\test\\number.test.js",
          "beforeHooks": [],
          "afterHooks": [],
          "tests": [
            {
              "title": "金额千分化 moneyThousandFormat",
              "fullTitle": "number 金额千分化 moneyThousandFormat",
              "timedOut": false,
              "duration": 0,
              "state": null,
              "speed": null,
              "pass": false,
              "fail": false,
              "pending": true,
              "context": null,
              "code": "",
              "err": {},
              "uuid": "ab3c20c1-0325-41a1-8fdd-50ed17dee32a",
              "parentUUID": "307248e8-6a68-4682-ad83-02741fc560f4",
              "isHook": false,
              "skipped": false
            },
            {
              "title": "四舍五入 toFixed",
              "fullTitle": "number 四舍五入 toFixed",
              "timedOut": false,
              "duration": 0,
              "state": null,
              "speed": null,
              "pass": false,
              "fail": false,
              "pending": true,
              "context": null,
              "code": "",
              "err": {},
              "uuid": "7cf24d75-5564-4216-8571-123055eda4a8",
              "parentUUID": "307248e8-6a68-4682-ad83-02741fc560f4",
              "isHook": false,
              "skipped": false
            },
            {
              "title": "数值前补零 numAddZero",
              "fullTitle": "number 数值前补零 numAddZero",
              "timedOut": false,
              "duration": 0,
              "state": null,
              "speed": null,
              "pass": false,
              "fail": false,
              "pending": true,
              "context": null,
              "code": "",
              "err": {},
              "uuid": "096a1e09-0868-4765-bb29-ca9f5673cfcd",
              "parentUUID": "307248e8-6a68-4682-ad83-02741fc560f4",
              "isHook": false,
              "skipped": false
            },
            {
              "title": "浮点数末尾补零 0 floatAddZero",
              "fullTitle": "number 浮点数末尾补零 0 floatAddZero",
              "timedOut": false,
              "duration": 0,
              "state": null,
              "speed": null,
              "pass": false,
              "fail": false,
              "pending": true,
              "context": null,
              "code": "",
              "err": {},
              "uuid": "3e6a7fbb-e046-424f-bb2d-96fd7f537812",
              "parentUUID": "307248e8-6a68-4682-ad83-02741fc560f4",
              "isHook": false,
              "skipped": false
            },
            {
              "title": "保留小数点后n位，不进行四舍五入操作 splitPoint",
              "fullTitle": "number 保留小数点后n位，不进行四舍五入操作 splitPoint",
              "timedOut": false,
              "duration": 0,
              "state": null,
              "speed": null,
              "pass": false,
              "fail": false,
              "pending": true,
              "context": null,
              "code": "",
              "err": {},
              "uuid": "310bf132-1340-4dd5-a1f9-96112318d700",
              "parentUUID": "307248e8-6a68-4682-ad83-02741fc560f4",
              "isHook": false,
              "skipped": false
            },
            {
              "title": "小数格式化成百分数 decimalToPercent",
              "fullTitle": "number 小数格式化成百分数 decimalToPercent",
              "timedOut": false,
              "duration": 0,
              "state": null,
              "speed": null,
              "pass": false,
              "fail": false,
              "pending": true,
              "context": null,
              "code": "",
              "err": {},
              "uuid": "01487833-4623-4e38-965d-4bfd41270aa9",
              "parentUUID": "307248e8-6a68-4682-ad83-02741fc560f4",
              "isHook": false,
              "skipped": false
            },
            {
              "title": "金额转大写 moneyUppercase",
              "fullTitle": "number 金额转大写 moneyUppercase",
              "timedOut": false,
              "duration": 0,
              "state": null,
              "speed": null,
              "pass": false,
              "fail": false,
              "pending": true,
              "context": null,
              "code": "",
              "err": {},
              "uuid": "da8affa2-0725-464b-9857-56bc98d82ee0",
              "parentUUID": "307248e8-6a68-4682-ad83-02741fc560f4",
              "isHook": false,
              "skipped": false
            }
          ],
          "suites": [],
          "passes": [],
          "failures": [],
          "pending": [
            "ab3c20c1-0325-41a1-8fdd-50ed17dee32a",
            "7cf24d75-5564-4216-8571-123055eda4a8",
            "096a1e09-0868-4765-bb29-ca9f5673cfcd",
            "3e6a7fbb-e046-424f-bb2d-96fd7f537812",
            "310bf132-1340-4dd5-a1f9-96112318d700",
            "01487833-4623-4e38-965d-4bfd41270aa9",
            "da8affa2-0725-464b-9857-56bc98d82ee0"
          ],
          "skipped": [],
          "duration": 0,
          "root": false,
          "rootEmpty": false,
          "_timeout": 30000
        },
        {
          "uuid": "d57fad2d-6f2b-4e48-a527-2828d2740b87",
          "title": "string",
          "fullFile": "D:\\mycode\\js-util-func\\test\\string.test.js",
          "file": "\\test\\string.test.js",
          "beforeHooks": [],
          "afterHooks": [],
          "tests": [
            {
              "title": "过滤字符串中的表情和空格 filterEmojiAndSpace",
              "fullTitle": "string 过滤字符串中的表情和空格 filterEmojiAndSpace",
              "timedOut": false,
              "duration": 0,
              "state": null,
              "speed": null,
              "pass": false,
              "fail": false,
              "pending": true,
              "context": null,
              "code": "",
              "err": {},
              "uuid": "c3892d36-d950-4be4-b472-d7711a175ef8",
              "parentUUID": "d57fad2d-6f2b-4e48-a527-2828d2740b87",
              "isHook": false,
              "skipped": false
            },
            {
              "title": "过滤字符串前后空格 trim",
              "fullTitle": "string 过滤字符串前后空格 trim",
              "timedOut": false,
              "duration": 0,
              "state": null,
              "speed": null,
              "pass": false,
              "fail": false,
              "pending": true,
              "context": null,
              "code": "",
              "err": {},
              "uuid": "021730f6-c6b4-4d06-9190-1e6ed76a0307",
              "parentUUID": "d57fad2d-6f2b-4e48-a527-2828d2740b87",
              "isHook": false,
              "skipped": false
            },
            {
              "title": "翻转字符串 reversString",
              "fullTitle": "string 翻转字符串 reversString",
              "timedOut": false,
              "duration": 0,
              "state": null,
              "speed": null,
              "pass": false,
              "fail": false,
              "pending": true,
              "context": null,
              "code": "",
              "err": {},
              "uuid": "43650549-9590-49ae-a378-eea3b76411af",
              "parentUUID": "d57fad2d-6f2b-4e48-a527-2828d2740b87",
              "isHook": false,
              "skipped": false
            },
            {
              "title": "生成随机字符串 genRandomStr",
              "fullTitle": "string 生成随机字符串 genRandomStr",
              "timedOut": false,
              "duration": 0,
              "state": null,
              "speed": null,
              "pass": false,
              "fail": false,
              "pending": true,
              "context": null,
              "code": "",
              "err": {},
              "uuid": "a33bfb39-971e-4f36-adbe-336aee3c83c1",
              "parentUUID": "d57fad2d-6f2b-4e48-a527-2828d2740b87",
              "isHook": false,
              "skipped": false
            }
          ],
          "suites": [],
          "passes": [],
          "failures": [],
          "pending": [
            "c3892d36-d950-4be4-b472-d7711a175ef8",
            "021730f6-c6b4-4d06-9190-1e6ed76a0307",
            "43650549-9590-49ae-a378-eea3b76411af",
            "a33bfb39-971e-4f36-adbe-336aee3c83c1"
          ],
          "skipped": [],
          "duration": 0,
          "root": false,
          "rootEmpty": false,
          "_timeout": 30000
        },
        {
          "uuid": "7ba06bec-8c67-4f6e-afe0-31f915eadadb",
          "title": "func",
          "fullFile": "D:\\mycode\\js-util-func\\test\\validate.test.js",
          "file": "\\test\\validate.test.js",
          "beforeHooks": [],
          "afterHooks": [],
          "tests": [
            {
              "title": "验证手机号是否合法 isPhoneNumber",
              "fullTitle": "func 验证手机号是否合法 isPhoneNumber",
              "timedOut": false,
              "duration": 1,
              "state": "passed",
              "speed": "fast",
              "pass": true,
              "fail": false,
              "pending": false,
              "context": null,
              "code": "expect(Utils.isPhoneNumber('18512344321')).to.be.true;\nexpect(Utils.isPhoneNumber(18512344321)).to.be.true;\nexpect(Utils.isPhoneNumber(11012344321)).to.be.true;\nexpect(Utils.isPhoneNumber(1851234432)).to.be.false;\nexpect(Utils.isPhoneNumber(185123443211)).to.be.false;\nexpect(Utils.isPhoneNumber(20012344321)).to.be.false;\nexpect(Utils.isPhoneNumber(\"1001234432x\")).to.be.false;\ndone()",
              "err": {},
              "uuid": "38d37504-3ea8-404a-b23d-c9278ddd8bce",
              "parentUUID": "7ba06bec-8c67-4f6e-afe0-31f915eadadb",
              "isHook": false,
              "skipped": false
            },
            {
              "title": "判断平台是否是iOS isiOS",
              "fullTitle": "func 判断平台是否是iOS isiOS",
              "timedOut": false,
              "duration": 0,
              "state": "passed",
              "speed": "fast",
              "pass": true,
              "fail": false,
              "pending": false,
              "context": null,
              "code": "expect(Utils.isiOS('Mozilla/5.0 (iPhone; CPU iPhone OS 13_2_3 like Mac OS X) AppleWebKit/605.1.15 (KHTML, like Gecko) Version/13.0.3 Mobile/15E148 Safari/604.1')).to.be.true;\nexpect(Utils.isiOS('Mozilla/5.0 (iPad; CPU OS 11_0 like Mac OS X) AppleWebKit/604.1.34 (KHTML, like Gecko) Version/11.0 Mobile/15A5341f Safari/604.1')).to.be.true;\nexpect(Utils.isiOS('Mozilla/5.0 (Linux; Android 8.0.0; Pixel 2 XL Build/OPD1.170816.004) AppleWebKit/537.36 (KHTML, like Gecko) Chrome/80.0.3987.149 Mobile Safari/537.36')).to.be.false;\nexpect(Utils.isiOS('Mozilla/5.0 (Windows NT 10.0; Win64; x64) AppleWebKit/537.36 (KHTML, like Gecko) Chrome/80.0.3987.149 Safari/537.36')).to.be.false;\ndone()",
              "err": {},
              "uuid": "dc2d598a-18b3-4ed4-adb3-c123a3ab40b8",
              "parentUUID": "7ba06bec-8c67-4f6e-afe0-31f915eadadb",
              "isHook": false,
              "skipped": false
            },
            {
              "title": "判断平台是否是安卓 isAndroid",
              "fullTitle": "func 判断平台是否是安卓 isAndroid",
              "timedOut": false,
              "duration": 1,
              "state": "passed",
              "speed": "fast",
              "pass": true,
              "fail": false,
              "pending": false,
              "context": null,
              "code": "expect(Utils.isAndroid('Mozilla/5.0 (iPhone; CPU iPhone OS 13_2_3 like Mac OS X) AppleWebKit/605.1.15 (KHTML, like Gecko) Version/13.0.3 Mobile/15E148 Safari/604.1')).to.be.false;\nexpect(Utils.isAndroid('Mozilla/5.0 (iPad; CPU OS 11_0 like Mac OS X) AppleWebKit/604.1.34 (KHTML, like Gecko) Version/11.0 Mobile/15A5341f Safari/604.1')).to.be.false;\nexpect(Utils.isAndroid('Mozilla/5.0 (Linux; Android 8.0.0; Pixel 2 XL Build/OPD1.170816.004) AppleWebKit/537.36 (KHTML, like Gecko) Chrome/80.0.3987.149 Mobile Safari/537.36')).to.be.true;\nexpect(Utils.isAndroid('Mozilla/5.0 (Windows NT 10.0; Win64; x64) AppleWebKit/537.36 (KHTML, like Gecko) Chrome/80.0.3987.149 Safari/537.36')).to.be.false;\ndone()",
              "err": {},
              "uuid": "73cd0786-d6f4-4735-830e-23fb7ea3a54a",
              "parentUUID": "7ba06bec-8c67-4f6e-afe0-31f915eadadb",
              "isHook": false,
              "skipped": false
            },
            {
              "title": "判断平台是否是微信 isWechat",
              "fullTitle": "func 判断平台是否是微信 isWechat",
              "timedOut": false,
              "duration": 0,
              "state": "passed",
              "speed": "fast",
              "pass": true,
              "fail": false,
              "pending": false,
              "context": null,
              "code": "expect(Utils.isWechat('Mozilla/5.0 (iPad; CPU OS 11_0 like Mac OS X) AppleWebKit/604.1.34 (KHTML, like Gecko) Version/11.0 Mobile/15A5341f Safari/604.1')).to.be.false;\nexpect(Utils.isWechat('Mozilla/5.0 (iPhone; CPU iPhone OS 10_3_1 like Mac OS X) AppleWebKit/603.1.3 (KHTML, like Gecko) Version/10.0 Mobile/14E304 Safari/602.1 MicroMessenger/7.0.4 Language/zh_CN webview/15862284440296316')).to.be.true;\ndone()",
              "err": {},
              "uuid": "30b88ef6-b7e7-4d30-93b2-e9c2dc1e2511",
              "parentUUID": "7ba06bec-8c67-4f6e-afe0-31f915eadadb",
              "isHook": false,
              "skipped": false
            },
            {
              "title": "是否是对象类型 isObject",
              "fullTitle": "func 是否是对象类型 isObject",
              "timedOut": false,
              "duration": 0,
              "state": "passed",
              "speed": "fast",
              "pass": true,
              "fail": false,
              "pending": false,
              "context": null,
              "code": "expect(Utils.isObject({})).to.be.true;\nexpect(Utils.isObject()).to.be.false;\nexpect(Utils.isObject(null)).to.be.false;\nexpect(Utils.isObject(123)).to.be.false;\nexpect(Utils.isObject('123')).to.be.false;\ndone()",
              "err": {},
              "uuid": "2c099f83-6663-4d0c-b5d8-3ddecd7ae18e",
              "parentUUID": "7ba06bec-8c67-4f6e-afe0-31f915eadadb",
              "isHook": false,
              "skipped": false
            },
            {
              "title": "是否是邮箱格式 isEmail",
              "fullTitle": "func 是否是邮箱格式 isEmail",
              "timedOut": false,
              "duration": 0,
              "state": "passed",
              "speed": "fast",
              "pass": true,
              "fail": false,
              "pending": false,
              "context": null,
              "code": "expect(Utils.isEmail('lama.loca.loca123@inca.com')).to.be.true\nexpect(Utils.isEmail('pio_pio@factory.com')).to.be.true\nexpect(Utils.isEmail('testmail@mail.com.de')).to.be.true\nexpect(Utils.isEmail('carnival666@hellmail.com')).to.be.true\nexpect(Utils.isEmail(' testmail@mail.com')).to.be.false\nexpect(Utils.isEmail('testmail@mail.com.')).to.be.false\nexpect(Utils.isEmail('testm ail@mail.com')).to.be.false\ndone()",
              "err": {},
              "uuid": "478f6b1a-f590-4e55-8bfe-f9c77632f647",
              "parentUUID": "7ba06bec-8c67-4f6e-afe0-31f915eadadb",
              "isHook": false,
              "skipped": false
            },
            {
              "title": "判断目标值是否是 Null isNull",
              "fullTitle": "func 判断目标值是否是 Null isNull",
              "timedOut": false,
              "duration": 0,
              "state": "passed",
              "speed": "fast",
              "pass": true,
              "fail": false,
              "pending": false,
              "context": null,
              "code": "expect(Utils.isNull({})).to.be.false;\nexpect(Utils.isNull()).to.be.false;\nexpect(Utils.isNull(null)).to.be.true;\nexpect(Utils.isNull(123)).to.be.false;\nexpect(Utils.isNull('123')).to.be.false;\ndone()",
              "err": {},
              "uuid": "66e79c99-10a3-4e02-929e-9b84ccb180b6",
              "parentUUID": "7ba06bec-8c67-4f6e-afe0-31f915eadadb",
              "isHook": false,
              "skipped": false
            }
          ],
          "suites": [],
          "passes": [
            "38d37504-3ea8-404a-b23d-c9278ddd8bce",
            "dc2d598a-18b3-4ed4-adb3-c123a3ab40b8",
            "73cd0786-d6f4-4735-830e-23fb7ea3a54a",
            "30b88ef6-b7e7-4d30-93b2-e9c2dc1e2511",
            "2c099f83-6663-4d0c-b5d8-3ddecd7ae18e",
            "478f6b1a-f590-4e55-8bfe-f9c77632f647",
            "66e79c99-10a3-4e02-929e-9b84ccb180b6"
          ],
          "failures": [],
          "pending": [],
          "skipped": [],
          "duration": 2,
          "root": false,
          "rootEmpty": false,
          "_timeout": 30000
        }
      ],
      "passes": [],
      "failures": [],
      "pending": [],
      "skipped": [],
      "duration": 0,
      "root": true,
      "rootEmpty": true,
      "_timeout": 30000
    }
  ],
  "meta": {
    "mocha": {
      "version": "7.1.1"
    },
    "mochawesome": {
      "options": {
        "quiet": false,
        "reportFilename": "mochawesome",
        "saveHtml": true,
        "saveJson": true,
        "consoleReporter": "spec",
        "useInlineDiffs": false,
        "code": true
      },
      "version": "5.0.0"
    },
    "marge": {
      "options": {
        "reportDir": "./test_report/mocha/"
      },
      "version": "4.1.0"
    }
  }
}