{
  "stats": {
    "suites": 4,
    "tests": 28,
    "passes": 28,
    "pending": 0,
    "failures": 0,
    "start": "2020-04-07T08:29:32.574Z",
    "end": "2020-04-07T08:29:44.643Z",
    "duration": 12069,
    "testsRegistered": 28,
    "passPercent": 100,
    "pendingPercent": 0,
    "other": 0,
    "hasOther": false,
    "skipped": 0,
    "hasSkipped": false
  },
  "results": [
    {
      "uuid": "c2286bf0-503d-4ebe-a28f-405ba8c05d4d",
      "title": "",
      "fullFile": "",
      "file": "",
      "beforeHooks": [],
      "afterHooks": [],
      "tests": [],
      "suites": [
        {
          "uuid": "51f91bbe-eba8-44e2-9aba-50c250e1cd78",
          "title": "func",
          "fullFile": "D:\\mycode\\js-util-func\\test\\fun.test.js",
          "file": "\\test\\fun.test.js",
          "beforeHooks": [],
          "afterHooks": [],
          "tests": [
            {
              "title": "计时器-浏览器进程切后台后，去除进程暂停时间 watchTimeInterval",
              "fullTitle": "func 计时器-浏览器进程切后台后，去除进程暂停时间 watchTimeInterval",
              "timedOut": false,
              "duration": 6010,
              "state": "passed",
              "speed": "slow",
              "pass": true,
              "fail": false,
              "pending": false,
              "context": null,
              "code": "let i = 0\nUtils.watchTimeInterval(5, 1000, () => {\n    i++\n}, () => {\n    expect(i).to.be.within(3, 4)\n    done()\n})\nsetTimeout(() => {\n    let time = new Date().getTime();\n    for (; ;) {\n        let current = new Date().getTime()\n        if (current - time > 2 * 1000) {\n            break;\n        }\n    }\n}, 1000)",
              "err": {},
              "uuid": "6361483f-3f50-41c2-8aa6-bba1888aaaa0",
              "parentUUID": "51f91bbe-eba8-44e2-9aba-50c250e1cd78",
              "isHook": false,
              "skipped": false
            },
            {
              "title": "计时器-浏览器进程照常执行 watchTimeInterval",
              "fullTitle": "func 计时器-浏览器进程照常执行 watchTimeInterval",
              "timedOut": false,
              "duration": 6002,
              "state": "passed",
              "speed": "slow",
              "pass": true,
              "fail": false,
              "pending": false,
              "context": null,
              "code": "let i = 0\nUtils.watchTimeInterval(5, 1000, () => {\n    i++\n}, () => {\n    expect(i).to.be.equal(5)\n    done()\n})",
              "err": {},
              "uuid": "3a477cbc-01ba-40ad-aa79-487b8b917418",
              "parentUUID": "51f91bbe-eba8-44e2-9aba-50c250e1cd78",
              "isHook": false,
              "skipped": false
            },
            {
              "title": "获取链接的参数，返回对象格式 searchParams",
              "fullTitle": "func 获取链接的参数，返回对象格式 searchParams",
              "timedOut": false,
              "duration": 1,
              "state": "passed",
              "speed": "fast",
              "pass": true,
              "fail": false,
              "pending": false,
              "context": null,
              "code": "expect(Utils.searchParams(\"?q=js&qs=n\")).to.deep.equal({ q: 'js', qs: 'n' })\ndone()",
              "err": {},
              "uuid": "da2b5498-11d4-4280-b002-e329f7a34a22",
              "parentUUID": "51f91bbe-eba8-44e2-9aba-50c250e1cd78",
              "isHook": false,
              "skipped": false
            },
            {
              "title": "判断是否是空对象 isEmptyObject",
              "fullTitle": "func 判断是否是空对象 isEmptyObject",
              "timedOut": false,
              "duration": 0,
              "state": "passed",
              "speed": "fast",
              "pass": true,
              "fail": false,
              "pending": false,
              "context": null,
              "code": "expect(Utils.isEmptyObject({})).to.be.true\nexpect(Utils.isEmptyObject({ name: 'x' })).to.be.false\nexpect(Utils.isEmptyObject(123)).to.be.false\nexpect(Utils.isEmptyObject(true)).to.be.false\nexpect(Utils.isEmptyObject('string')).to.be.false\nexpect(Utils.isEmptyObject(null)).to.be.false\nexpect(Utils.isEmptyObject(undefined)).to.be.false\ndone()",
              "err": {},
              "uuid": "45e3a159-3e10-4174-87b5-abe1a56ea3f7",
              "parentUUID": "51f91bbe-eba8-44e2-9aba-50c250e1cd78",
              "isHook": false,
              "skipped": false
            },
            {
              "title": "将对象中的值为空字符串、null、undefined 的值过滤掉 filterEmptyVal",
              "fullTitle": "func 将对象中的值为空字符串、null、undefined 的值过滤掉 filterEmptyVal",
              "timedOut": false,
              "duration": 1,
              "state": "passed",
              "speed": "fast",
              "pass": true,
              "fail": false,
              "pending": false,
              "context": null,
              "code": "let before = {\n    name: 'xxx',\n    age: 0,\n    sex: false,\n    a: '',\n    b: null,\n    c: undefined,\n    f: {\n        name: '333',\n        d: ''\n    }\n}\nlet after = {\n    name: 'xxx',\n    age: 0,\n    sex: false,\n    f: {\n        name: '333',\n    }\n}\nexpect(Utils.filterEmptyVal(before)).to.deep.equal(after);\nexpect(Utils.filterEmptyVal(null)).to.be.equal(null)\nexpect(Utils.filterEmptyVal(123)).to.be.equal(123)\ndone()",
              "err": {},
              "uuid": "cc8c79aa-dfcb-4fd0-963f-9514012015fb",
              "parentUUID": "51f91bbe-eba8-44e2-9aba-50c250e1cd78",
              "isHook": false,
              "skipped": false
            },
            {
              "title": "将对象的 key 和 value 通过连接符拼接成字符串 deepMakeObjToStr",
              "fullTitle": "func 将对象的 key 和 value 通过连接符拼接成字符串 deepMakeObjToStr",
              "timedOut": false,
              "duration": 1,
              "state": "passed",
              "speed": "fast",
              "pass": true,
              "fail": false,
              "pending": false,
              "context": null,
              "code": "let obj = {\n    name: 'xxx',\n    age: 10,\n    sex: true,\n    list: [\n        { a: 'atext', b: 12, c: false, d: [1, 2, 3, 4, 5, { last: 'last-text', list: [99, 88] }] },\n        { a: 'atext', b: 12, c: false, d: [1, 2, 3, 4, 5, { last: 'last-text', list: [99, 88] }] },\n        { a: { a: { a: 'last-a' } } }\n    ],\n    emptyList:[]\n}\nlet objStr = 'name=xxx&age=10&sex=true&list=0=a=atext&b=12&c=false&d=0=1&1=2&2=3&3=4&4=5&5=last=last-text&list=0=99&1=88&1=a=atext&b=12&c=false&d=0=1&1=2&2=3&3=4&4=5&5=last=last-text&list=0=99&1=88&2=a=a=a=last-a&'\nexpect(Utils.deepMakeObjToStr(obj)).to.be.equal(objStr)\nexpect(Utils.deepMakeObjToStr(null)).to.be.equal(null)\nexpect(Utils.deepMakeObjToStr(true)).to.be.equal(true)\nexpect(Utils.deepMakeObjToStr('true')).to.be.equal('true')\ndone()",
              "err": {},
              "uuid": "e555a93a-a3b7-4d96-9bbd-862e76debb42",
              "parentUUID": "51f91bbe-eba8-44e2-9aba-50c250e1cd78",
              "isHook": false,
              "skipped": false
            },
            {
              "title": "将秒数转换成  {day,hour,minute,second} 对象 secondToTime",
              "fullTitle": "func 将秒数转换成  {day,hour,minute,second} 对象 secondToTime",
              "timedOut": false,
              "duration": 1,
              "state": "passed",
              "speed": "fast",
              "pass": true,
              "fail": false,
              "pending": false,
              "context": null,
              "code": "expect(Utils.secondToTime(59)).to.deep.equal({day: 0, hour: 0, minute: 0, second: 59})\nexpect(Utils.secondToTime(60)).to.deep.equal({day: 0, hour: 0, minute: 1, second: 0})\nexpect(Utils.secondToTime(61)).to.deep.equal({day: 0, hour: 0, minute: 1, second: 1})\nexpect(Utils.secondToTime(60 * 60)).to.deep.equal({day: 0, hour: 1, minute: 0, second: 0})\nexpect(Utils.secondToTime(60 * 60 + 1)).to.deep.equal({day: 0, hour: 1, minute: 0, second: 1})\nexpect(Utils.secondToTime(60 * 60 * 24 + 1)).to.deep.equal({day: 1, hour: 0, minute: 0, second: 1})\nexpect(Utils.secondToTime(-1)).to.deep.equal(undefined)\ndone()",
              "err": {},
              "uuid": "c6a2c831-c961-47a1-b74c-85e2a3f05ad1",
              "parentUUID": "51f91bbe-eba8-44e2-9aba-50c250e1cd78",
              "isHook": false,
              "skipped": false
            },
            {
              "title": "比较两个对象是否相等 isEqual",
              "fullTitle": "func 比较两个对象是否相等 isEqual",
              "timedOut": false,
              "duration": 1,
              "state": "passed",
              "speed": "fast",
              "pass": true,
              "fail": false,
              "pending": false,
              "context": null,
              "code": "let obj = {\n    name:'xxx',\n    age:0,\n    sex:false,\n    a:'',\n    b:null,\n    c:undefined,\n    f:{\n        name:'333',\n        d:''\n    },\n    list:[\n        {name:'xx',list:[0,1,2]},\n        false,\n        123\n    ]\n}\nlet obj1 = {\n    name:'xxx',\n    age:0,\n    sex:false,\n    a:'',\n    b:null,\n    c:undefined,\n    f:{\n        name:'333',\n        d:''\n    },\n    list:[\n        {name:'xx',list:[0,1,2]},\n        false,\n        123\n    ]\n}\nlet obj2 = {\n    name:'xxx',\n    age:0,\n    sex:false,\n    a:'',\n    b:null,\n    c:undefined,\n    f:{\n        name:'333',\n        d:''\n    },\n    list:[\n        {name:'xx',list:[0,1,4]},\n        false,\n        123\n    ]\n}\nexpect(Utils.isEqual(obj,obj1)).to.be.true;\nexpect(Utils.isEqual(obj,obj2)).to.be.false;\nexpect(Utils.isEqual(123,345)).to.be.false;\nexpect(Utils.isEqual(true,true)).to.be.true;\nexpect(Utils.isEqual({name:'xx'},{name:'xxx',age:10})).to.be.false;\ndone()",
              "err": {},
              "uuid": "dde3e486-0006-455e-ac10-d09d5e5d19cd",
              "parentUUID": "51f91bbe-eba8-44e2-9aba-50c250e1cd78",
              "isHook": false,
              "skipped": false
            },
            {
              "title": "数组去重，值包括基本类型和对象类型 uniqueArray",
              "fullTitle": "func 数组去重，值包括基本类型和对象类型 uniqueArray",
              "timedOut": false,
              "duration": 1,
              "state": "passed",
              "speed": "fast",
              "pass": true,
              "fail": false,
              "pending": false,
              "context": null,
              "code": "expect(Utils.uniqueArray([{name:'a'},{name:'a'},{name:'b'},1,1,2])).to.deep.equal([{name:'a'},{name:'b'},1,2])\nexpect(Utils.uniqueArray([{name:'a',list:[1,2],f:false},{name:'a',list:[1,2],f:false},{name:'b'}])).to.deep.equal([{name:'a',list:[1,2],f:false},{name:'b'}])\nexpect(Utils.uniqueArray([false,false,true,true,0,0,null,null,undefined,undefined])).to.deep.equal([false,true,0,null,undefined])\nexpect(Utils.uniqueArray(123)).to.be.equal(undefined)\ndone()",
              "err": {},
              "uuid": "655f0f3e-a0e8-4b1d-b41c-e6e7bba38fad",
              "parentUUID": "51f91bbe-eba8-44e2-9aba-50c250e1cd78",
              "isHook": false,
              "skipped": false
            },
            {
              "title": "线程睡眠 sleep",
              "fullTitle": "func 线程睡眠 sleep",
              "timedOut": false,
              "duration": 0,
              "state": "passed",
              "speed": "fast",
              "pass": true,
              "fail": false,
              "pending": false,
              "context": null,
              "code": "let beginTime = new Date().getTime();\nUtils.sleep(1000).then(()=>{\n    let time =  new Date().getTime() - beginTime;\n    expect(time).to.be.within(1000, 1100)\n})\ndone()",
              "err": {},
              "uuid": "6eca8c8e-15c9-410f-8d98-306ee31cb7c7",
              "parentUUID": "51f91bbe-eba8-44e2-9aba-50c250e1cd78",
              "isHook": false,
              "skipped": false
            }
          ],
          "suites": [],
          "passes": [
            "6361483f-3f50-41c2-8aa6-bba1888aaaa0",
            "3a477cbc-01ba-40ad-aa79-487b8b917418",
            "da2b5498-11d4-4280-b002-e329f7a34a22",
            "45e3a159-3e10-4174-87b5-abe1a56ea3f7",
            "cc8c79aa-dfcb-4fd0-963f-9514012015fb",
            "e555a93a-a3b7-4d96-9bbd-862e76debb42",
            "c6a2c831-c961-47a1-b74c-85e2a3f05ad1",
            "dde3e486-0006-455e-ac10-d09d5e5d19cd",
            "655f0f3e-a0e8-4b1d-b41c-e6e7bba38fad",
            "6eca8c8e-15c9-410f-8d98-306ee31cb7c7"
          ],
          "failures": [],
          "pending": [],
          "skipped": [],
          "duration": 12018,
          "root": false,
          "rootEmpty": false,
          "_timeout": 30000
        },
        {
          "uuid": "2ad363a8-17a0-48de-856e-fd73f5e8fabe",
          "title": "number",
          "fullFile": "D:\\mycode\\js-util-func\\test\\number.test.js",
          "file": "\\test\\number.test.js",
          "beforeHooks": [],
          "afterHooks": [],
          "tests": [
            {
              "title": "金额千分化 moneyThousandFormat",
              "fullTitle": "number 金额千分化 moneyThousandFormat",
              "timedOut": false,
              "duration": 0,
              "state": "passed",
              "speed": "fast",
              "pass": true,
              "fail": false,
              "pending": false,
              "context": null,
              "code": "expect(Utils.moneyThousandFormat('9',0)).to.equal('9');\nexpect(Utils.moneyThousandFormat('9.9',-1)).to.equal('9.9');\nexpect(Utils.moneyThousandFormat(9)).to.equal('9');\nexpect(Utils.moneyThousandFormat(99)).to.equal('99');\nexpect(Utils.moneyThousandFormat(999)).to.equal('999');\nexpect(Utils.moneyThousandFormat(9999)).to.equal('9,999');\nexpect(Utils.moneyThousandFormat(9.355, 2)).to.equal('9.36');\nexpect(Utils.moneyThousandFormat(99.355, 2)).to.equal('99.36');\nexpect(Utils.moneyThousandFormat(9999.355, 2)).to.equal('9,999.36');\ndone()",
              "err": {},
              "uuid": "8f657748-fa4d-4645-81fa-457bf462a486",
              "parentUUID": "2ad363a8-17a0-48de-856e-fd73f5e8fabe",
              "isHook": false,
              "skipped": false
            },
            {
              "title": "四舍五入 toFixed",
              "fullTitle": "number 四舍五入 toFixed",
              "timedOut": false,
              "duration": 0,
              "state": "passed",
              "speed": "fast",
              "pass": true,
              "fail": false,
              "pending": false,
              "context": null,
              "code": "expect(Utils.toFixed('1.2345',2)).to.equal(1.23)\nexpect(Utils.toFixed(1.2345,2)).to.equal(1.23)\nexpect(Utils.toFixed(1.2355,2)).to.equal(1.24)\nexpect(Utils.toFixed(1.23)).to.equal(1)\nexpect(Utils.toFixed(1.23,-1)).to.equal(1.23)\ndone()",
              "err": {},
              "uuid": "0a9108bd-db2d-4054-829f-0baeb912f1c6",
              "parentUUID": "2ad363a8-17a0-48de-856e-fd73f5e8fabe",
              "isHook": false,
              "skipped": false
            },
            {
              "title": "数值前补零 numAddZero",
              "fullTitle": "number 数值前补零 numAddZero",
              "timedOut": false,
              "duration": 0,
              "state": "passed",
              "speed": "fast",
              "pass": true,
              "fail": false,
              "pending": false,
              "context": null,
              "code": "expect(Utils.numAddZero('9',2)).to.equal('09')\nexpect(Utils.numAddZero(9,2)).to.equal('09')\nexpect(Utils.numAddZero(9,3)).to.equal('009')\nexpect(Utils.numAddZero(9,1)).to.equal('9')\nexpect(Utils.numAddZero(9,0)).to.equal('9')\nexpect(Utils.numAddZero(9,-1)).to.equal('9')\nexpect(Utils.numAddZero(9.9)).to.equal('9.9')\nexpect(Utils.numAddZero(9.9,2)).to.equal('09.9')\nexpect(Utils.numAddZero(-9.9,2)).to.equal('-09.9')\ndone()",
              "err": {},
              "uuid": "4b47fb5f-ccce-425d-804d-b1672db0ad73",
              "parentUUID": "2ad363a8-17a0-48de-856e-fd73f5e8fabe",
              "isHook": false,
              "skipped": false
            },
            {
              "title": "浮点数末尾补零 0 floatAddZero",
              "fullTitle": "number 浮点数末尾补零 0 floatAddZero",
              "timedOut": false,
              "duration": 1,
              "state": "passed",
              "speed": "fast",
              "pass": true,
              "fail": false,
              "pending": false,
              "context": null,
              "code": "expect(Utils.floatAddZero('1.2',2)).to.equal('1.20')\nexpect(Utils.floatAddZero(1.2,2)).to.equal('1.20')\nexpect(Utils.floatAddZero(1.2,1)).to.equal('1.2')\nexpect(Utils.floatAddZero(1.2,0)).to.equal('1.2')\nexpect(Utils.floatAddZero(1.2)).to.equal('1.2')\nexpect(Utils.floatAddZero(-1.2,2)).to.equal('-1.20')\nexpect(Utils.floatAddZero(1.234,2)).to.equal('1.234')\nexpect(Utils.floatAddZero(1.234,2)).to.equal('1.234')\nexpect(Utils.floatAddZero(1,2)).to.equal('1.00')\ndone()",
              "err": {},
              "uuid": "c00ab94a-0601-4416-8a23-8ed6fa53c181",
              "parentUUID": "2ad363a8-17a0-48de-856e-fd73f5e8fabe",
              "isHook": false,
              "skipped": false
            },
            {
              "title": "保留小数点后n位，不进行四舍五入操作 splitPoint",
              "fullTitle": "number 保留小数点后n位，不进行四舍五入操作 splitPoint",
              "timedOut": false,
              "duration": 0,
              "state": "passed",
              "speed": "fast",
              "pass": true,
              "fail": false,
              "pending": false,
              "context": null,
              "code": "expect(Utils.splitPoint('1.235',2)).to.equal('1.23')\nexpect(Utils.splitPoint(1.235,2)).to.equal('1.23')\nexpect(Utils.splitPoint(1.234,1)).to.equal('1.2')\nexpect(Utils.splitPoint(1.234,0)).to.equal('1')\nexpect(Utils.splitPoint(1.234,-1)).to.equal('1.234')\ndone()",
              "err": {},
              "uuid": "c6a9ca64-b409-4e06-ac3a-482f60a9e2f1",
              "parentUUID": "2ad363a8-17a0-48de-856e-fd73f5e8fabe",
              "isHook": false,
              "skipped": false
            },
            {
              "title": "小数格式化成百分数 decimalToPercent",
              "fullTitle": "number 小数格式化成百分数 decimalToPercent",
              "timedOut": false,
              "duration": 0,
              "state": "passed",
              "speed": "fast",
              "pass": true,
              "fail": false,
              "pending": false,
              "context": null,
              "code": "expect(Utils.decimalToPercent('0.23')).to.equal('23')\nexpect(Utils.decimalToPercent(0.23)).to.equal('23')\nexpect(Utils.decimalToPercent(1.23)).to.equal('1.23')\nexpect(Utils.decimalToPercent(0.234)).to.equal('23.4')\nexpect(Utils.decimalToPercent(0.234,2)).to.equal('23.40')\nexpect(Utils.decimalToPercent(0.234,1)).to.equal('23.4')\ndone()",
              "err": {},
              "uuid": "0ff906f3-7eb8-44bd-ab1f-567d685669f4",
              "parentUUID": "2ad363a8-17a0-48de-856e-fd73f5e8fabe",
              "isHook": false,
              "skipped": false
            },
            {
              "title": "金额转大写 moneyUppercase",
              "fullTitle": "number 金额转大写 moneyUppercase",
              "timedOut": false,
              "duration": 0,
              "state": "passed",
              "speed": "fast",
              "pass": true,
              "fail": false,
              "pending": false,
              "context": null,
              "code": "expect(Utils.moneyUppercase('1.2')).to.equal('壹元贰角')\nexpect(Utils.moneyUppercase(1.2)).to.equal('壹元贰角')\nexpect(Utils.moneyUppercase(1.20)).to.equal('壹元贰角')\nexpect(Utils.moneyUppercase(999.99)).to.equal('玖佰玖拾玖元玖角玖分')\nexpect(Utils.moneyUppercase(9999999999.99)).to.equal('玖拾玖亿玖仟玖佰玖拾玖万玖仟玖佰玖拾玖元玖角玖分')\ndone()",
              "err": {},
              "uuid": "d94171c9-f2b9-4ddc-a7e3-2bbd95eedec8",
              "parentUUID": "2ad363a8-17a0-48de-856e-fd73f5e8fabe",
              "isHook": false,
              "skipped": false
            }
          ],
          "suites": [],
          "passes": [
            "8f657748-fa4d-4645-81fa-457bf462a486",
            "0a9108bd-db2d-4054-829f-0baeb912f1c6",
            "4b47fb5f-ccce-425d-804d-b1672db0ad73",
            "c00ab94a-0601-4416-8a23-8ed6fa53c181",
            "c6a9ca64-b409-4e06-ac3a-482f60a9e2f1",
            "0ff906f3-7eb8-44bd-ab1f-567d685669f4",
            "d94171c9-f2b9-4ddc-a7e3-2bbd95eedec8"
          ],
          "failures": [],
          "pending": [],
          "skipped": [],
          "duration": 1,
          "root": false,
          "rootEmpty": false,
          "_timeout": 30000
        },
        {
          "uuid": "3c011b02-bc71-488f-a32b-3044a13a3e92",
          "title": "string",
          "fullFile": "D:\\mycode\\js-util-func\\test\\string.test.js",
          "file": "\\test\\string.test.js",
          "beforeHooks": [],
          "afterHooks": [],
          "tests": [
            {
              "title": "过滤字符串中的表情和空格 filterEmojiAndSpace",
              "fullTitle": "string 过滤字符串中的表情和空格 filterEmojiAndSpace",
              "timedOut": false,
              "duration": 1,
              "state": "passed",
              "speed": "fast",
              "pass": true,
              "fail": false,
              "pending": false,
              "context": null,
              "code": "expect(Utils.filterEmojiAndSpace('aa')).to.be.equal('aa')\ndone()",
              "err": {},
              "uuid": "199df194-183b-46c7-929d-de5c4087674e",
              "parentUUID": "3c011b02-bc71-488f-a32b-3044a13a3e92",
              "isHook": false,
              "skipped": false
            },
            {
              "title": "过滤字符串前后空格 trim",
              "fullTitle": "string 过滤字符串前后空格 trim",
              "timedOut": false,
              "duration": 1,
              "state": "passed",
              "speed": "fast",
              "pass": true,
              "fail": false,
              "pending": false,
              "context": null,
              "code": "expect(Utils.trim('aa')).to.be.equal('aa')\nexpect(Utils.trim('  aa')).to.be.equal('aa')\nexpect(Utils.trim('aa  ')).to.be.equal('aa')\nexpect(Utils.trim('  aa  ')).to.be.equal('aa')\nexpect(Utils.trim('a a')).to.be.equal('a a')\ndone()",
              "err": {},
              "uuid": "c92763ea-b899-4571-8d05-8bc74a0df5d8",
              "parentUUID": "3c011b02-bc71-488f-a32b-3044a13a3e92",
              "isHook": false,
              "skipped": false
            },
            {
              "title": "翻转字符串 reversString",
              "fullTitle": "string 翻转字符串 reversString",
              "timedOut": false,
              "duration": 1,
              "state": "passed",
              "speed": "fast",
              "pass": true,
              "fail": false,
              "pending": false,
              "context": null,
              "code": "expect(Utils.reversString('abc')).to.be.equal('cba')\nexpect(Utils.reversString('')).to.be.equal('')\nexpect(Utils.reversString(123)).to.be.equal(123)\ndone()",
              "err": {},
              "uuid": "07a9a446-096d-4b2a-915f-788904c445d3",
              "parentUUID": "3c011b02-bc71-488f-a32b-3044a13a3e92",
              "isHook": false,
              "skipped": false
            },
            {
              "title": "生成随机字符串 genRandomStr",
              "fullTitle": "string 生成随机字符串 genRandomStr",
              "timedOut": false,
              "duration": 1,
              "state": "passed",
              "speed": "fast",
              "pass": true,
              "fail": false,
              "pending": false,
              "context": null,
              "code": "expect(Utils.genRandomStr('5')).to.be.length(5)\nexpect(Utils.genRandomStr(5)).to.be.length(5)\nexpect(Utils.genRandomStr(0)).to.be.length(0)\nexpect(Utils.genRandomStr('')).to.be.length(0)\ndone()",
              "err": {},
              "uuid": "e37400fb-52d3-4c1f-b69c-808670f31223",
              "parentUUID": "3c011b02-bc71-488f-a32b-3044a13a3e92",
              "isHook": false,
              "skipped": false
            }
          ],
          "suites": [],
          "passes": [
            "199df194-183b-46c7-929d-de5c4087674e",
            "c92763ea-b899-4571-8d05-8bc74a0df5d8",
            "07a9a446-096d-4b2a-915f-788904c445d3",
            "e37400fb-52d3-4c1f-b69c-808670f31223"
          ],
          "failures": [],
          "pending": [],
          "skipped": [],
          "duration": 4,
          "root": false,
          "rootEmpty": false,
          "_timeout": 30000
        },
        {
          "uuid": "eb3ee579-81f6-4d8c-8f05-3a3e63802751",
          "title": "func",
          "fullFile": "D:\\mycode\\js-util-func\\test\\validate.test.js",
          "file": "\\test\\validate.test.js",
          "beforeHooks": [],
          "afterHooks": [],
          "tests": [
            {
              "title": "验证手机号是否合法 isPhoneNumber",
              "fullTitle": "func 验证手机号是否合法 isPhoneNumber",
              "timedOut": false,
              "duration": 1,
              "state": "passed",
              "speed": "fast",
              "pass": true,
              "fail": false,
              "pending": false,
              "context": null,
              "code": "expect(Utils.isPhoneNumber('18512344321')).to.be.true;\nexpect(Utils.isPhoneNumber(18512344321)).to.be.true;\nexpect(Utils.isPhoneNumber(11012344321)).to.be.true;\nexpect(Utils.isPhoneNumber(1851234432)).to.be.false;\nexpect(Utils.isPhoneNumber(185123443211)).to.be.false;\nexpect(Utils.isPhoneNumber(20012344321)).to.be.false;\nexpect(Utils.isPhoneNumber(\"1001234432x\")).to.be.false;\ndone()",
              "err": {},
              "uuid": "e7178666-4227-4f53-8464-ae1e401e5df3",
              "parentUUID": "eb3ee579-81f6-4d8c-8f05-3a3e63802751",
              "isHook": false,
              "skipped": false
            },
            {
              "title": "判断平台是否是iOS isiOS",
              "fullTitle": "func 判断平台是否是iOS isiOS",
              "timedOut": false,
              "duration": 0,
              "state": "passed",
              "speed": "fast",
              "pass": true,
              "fail": false,
              "pending": false,
              "context": null,
              "code": "expect(Utils.isiOS('Mozilla/5.0 (iPhone; CPU iPhone OS 13_2_3 like Mac OS X) AppleWebKit/605.1.15 (KHTML, like Gecko) Version/13.0.3 Mobile/15E148 Safari/604.1')).to.be.true;\nexpect(Utils.isiOS('Mozilla/5.0 (iPad; CPU OS 11_0 like Mac OS X) AppleWebKit/604.1.34 (KHTML, like Gecko) Version/11.0 Mobile/15A5341f Safari/604.1')).to.be.true;\nexpect(Utils.isiOS('Mozilla/5.0 (Linux; Android 8.0.0; Pixel 2 XL Build/OPD1.170816.004) AppleWebKit/537.36 (KHTML, like Gecko) Chrome/80.0.3987.149 Mobile Safari/537.36')).to.be.false;\nexpect(Utils.isiOS('Mozilla/5.0 (Windows NT 10.0; Win64; x64) AppleWebKit/537.36 (KHTML, like Gecko) Chrome/80.0.3987.149 Safari/537.36')).to.be.false;\ndone()",
              "err": {},
              "uuid": "07c5cfc3-0e7d-421a-af50-e0019a1a3d18",
              "parentUUID": "eb3ee579-81f6-4d8c-8f05-3a3e63802751",
              "isHook": false,
              "skipped": false
            },
            {
              "title": "判断平台是否是安卓 isAndroid",
              "fullTitle": "func 判断平台是否是安卓 isAndroid",
              "timedOut": false,
              "duration": 0,
              "state": "passed",
              "speed": "fast",
              "pass": true,
              "fail": false,
              "pending": false,
              "context": null,
              "code": "expect(Utils.isAndroid('Mozilla/5.0 (iPhone; CPU iPhone OS 13_2_3 like Mac OS X) AppleWebKit/605.1.15 (KHTML, like Gecko) Version/13.0.3 Mobile/15E148 Safari/604.1')).to.be.false;\nexpect(Utils.isAndroid('Mozilla/5.0 (iPad; CPU OS 11_0 like Mac OS X) AppleWebKit/604.1.34 (KHTML, like Gecko) Version/11.0 Mobile/15A5341f Safari/604.1')).to.be.false;\nexpect(Utils.isAndroid('Mozilla/5.0 (Linux; Android 8.0.0; Pixel 2 XL Build/OPD1.170816.004) AppleWebKit/537.36 (KHTML, like Gecko) Chrome/80.0.3987.149 Mobile Safari/537.36')).to.be.true;\nexpect(Utils.isAndroid('Mozilla/5.0 (Windows NT 10.0; Win64; x64) AppleWebKit/537.36 (KHTML, like Gecko) Chrome/80.0.3987.149 Safari/537.36')).to.be.false;\ndone()",
              "err": {},
              "uuid": "b40224a8-399d-4d07-98fe-e76e5a1ba1ef",
              "parentUUID": "eb3ee579-81f6-4d8c-8f05-3a3e63802751",
              "isHook": false,
              "skipped": false
            },
            {
              "title": "判断平台是否是微信 isWechat",
              "fullTitle": "func 判断平台是否是微信 isWechat",
              "timedOut": false,
              "duration": 1,
              "state": "passed",
              "speed": "fast",
              "pass": true,
              "fail": false,
              "pending": false,
              "context": null,
              "code": "expect(Utils.isWechat('Mozilla/5.0 (iPad; CPU OS 11_0 like Mac OS X) AppleWebKit/604.1.34 (KHTML, like Gecko) Version/11.0 Mobile/15A5341f Safari/604.1')).to.be.false;\nexpect(Utils.isWechat('Mozilla/5.0 (iPhone; CPU iPhone OS 10_3_1 like Mac OS X) AppleWebKit/603.1.3 (KHTML, like Gecko) Version/10.0 Mobile/14E304 Safari/602.1 MicroMessenger/7.0.4 Language/zh_CN webview/15862284440296316')).to.be.true;\ndone()",
              "err": {},
              "uuid": "6a07106e-dd0f-40e5-af77-e7060a5c88c6",
              "parentUUID": "eb3ee579-81f6-4d8c-8f05-3a3e63802751",
              "isHook": false,
              "skipped": false
            },
            {
              "title": "是否是对象类型 isObject",
              "fullTitle": "func 是否是对象类型 isObject",
              "timedOut": false,
              "duration": 0,
              "state": "passed",
              "speed": "fast",
              "pass": true,
              "fail": false,
              "pending": false,
              "context": null,
              "code": "expect(Utils.isObject({})).to.be.true;\nexpect(Utils.isObject()).to.be.false;\nexpect(Utils.isObject(null)).to.be.false;\nexpect(Utils.isObject(123)).to.be.false;\nexpect(Utils.isObject('123')).to.be.false;\ndone()",
              "err": {},
              "uuid": "b4d43b62-f452-4e84-b7d9-559e8716ac48",
              "parentUUID": "eb3ee579-81f6-4d8c-8f05-3a3e63802751",
              "isHook": false,
              "skipped": false
            },
            {
              "title": "是否是邮箱格式 isEmail",
              "fullTitle": "func 是否是邮箱格式 isEmail",
              "timedOut": false,
              "duration": 0,
              "state": "passed",
              "speed": "fast",
              "pass": true,
              "fail": false,
              "pending": false,
              "context": null,
              "code": "expect(Utils.isEmail('lama.loca.loca123@inca.com')).to.be.true\nexpect(Utils.isEmail('pio_pio@factory.com')).to.be.true\nexpect(Utils.isEmail('testmail@mail.com.de')).to.be.true\nexpect(Utils.isEmail('carnival666@hellmail.com')).to.be.true\nexpect(Utils.isEmail(' testmail@mail.com')).to.be.false\nexpect(Utils.isEmail('testmail@mail.com.')).to.be.false\nexpect(Utils.isEmail('testm ail@mail.com')).to.be.false\ndone()",
              "err": {},
              "uuid": "cc91b122-8baf-4f8e-b3b3-e32229301e63",
              "parentUUID": "eb3ee579-81f6-4d8c-8f05-3a3e63802751",
              "isHook": false,
              "skipped": false
            },
            {
              "title": "判断目标值是否是 Null isNull",
              "fullTitle": "func 判断目标值是否是 Null isNull",
              "timedOut": false,
              "duration": 0,
              "state": "passed",
              "speed": "fast",
              "pass": true,
              "fail": false,
              "pending": false,
              "context": null,
              "code": "expect(Utils.isNull({})).to.be.false;\nexpect(Utils.isNull()).to.be.false;\nexpect(Utils.isNull(null)).to.be.true;\nexpect(Utils.isNull(123)).to.be.false;\nexpect(Utils.isNull('123')).to.be.false;\ndone()",
              "err": {},
              "uuid": "baf4dfc4-26f1-449b-81a7-90b4f4492655",
              "parentUUID": "eb3ee579-81f6-4d8c-8f05-3a3e63802751",
              "isHook": false,
              "skipped": false
            }
          ],
          "suites": [],
          "passes": [
            "e7178666-4227-4f53-8464-ae1e401e5df3",
            "07c5cfc3-0e7d-421a-af50-e0019a1a3d18",
            "b40224a8-399d-4d07-98fe-e76e5a1ba1ef",
            "6a07106e-dd0f-40e5-af77-e7060a5c88c6",
            "b4d43b62-f452-4e84-b7d9-559e8716ac48",
            "cc91b122-8baf-4f8e-b3b3-e32229301e63",
            "baf4dfc4-26f1-449b-81a7-90b4f4492655"
          ],
          "failures": [],
          "pending": [],
          "skipped": [],
          "duration": 2,
          "root": false,
          "rootEmpty": false,
          "_timeout": 30000
        }
      ],
      "passes": [],
      "failures": [],
      "pending": [],
      "skipped": [],
      "duration": 0,
      "root": true,
      "rootEmpty": true,
      "_timeout": 30000
    }
  ],
  "meta": {
    "mocha": {
      "version": "7.1.1"
    },
    "mochawesome": {
      "options": {
        "quiet": false,
        "reportFilename": "mochawesome",
        "saveHtml": true,
        "saveJson": true,
        "consoleReporter": "spec",
        "useInlineDiffs": false,
        "code": true
      },
      "version": "5.0.0"
    },
    "marge": {
      "options": {
        "reportDir": "./test_report/mocha/"
      },
      "version": "4.1.0"
    }
  }
}