{
  "stats": {
    "suites": 1,
    "tests": 1,
    "passes": 1,
    "pending": 0,
    "failures": 0,
    "start": "2020-04-02T11:10:07.716Z",
    "end": "2020-04-02T11:10:07.740Z",
    "duration": 24,
    "testsRegistered": 1,
    "passPercent": 100,
    "pendingPercent": 0,
    "other": 0,
    "hasOther": false,
    "skipped": 0,
    "hasSkipped": false
  },
  "results": [
    {
      "uuid": "cf48199f-a5bb-4311-b9ee-7e65949505ef",
      "title": "",
      "fullFile": "",
      "file": "",
      "beforeHooks": [],
      "afterHooks": [],
      "tests": [],
      "suites": [
        {
          "uuid": "27a33211-f007-4e26-978d-db8bca5fb304",
          "title": "number",
          "fullFile": "D:\\mycode\\js-util-func\\test\\number.test.js",
          "file": "\\test\\number.test.js",
          "beforeHooks": [],
          "afterHooks": [],
          "tests": [
            {
              "title": "金额千分化 moneyThousandFormat",
              "fullTitle": "number 金额千分化 moneyThousandFormat",
              "timedOut": false,
              "duration": 5,
              "state": "passed",
              "speed": "fast",
              "pass": true,
              "fail": false,
              "pending": false,
              "context": null,
              "code": "expect(Utils.moneyThousandFormat(9,0)).to.equal('9');\nexpect(Utils.moneyThousandFormat(9)).to.equal('9');\nexpect(Utils.moneyThousandFormat(99)).to.equal('99');\nexpect(Utils.moneyThousandFormat(999)).to.equal('999');\nexpect(Utils.moneyThousandFormat(9999)).to.equal('9,999');\nexpect(Utils.moneyThousandFormat(9.355, 2)).to.equal('9.36');\nexpect(Utils.moneyThousandFormat(99.355, 2)).to.equal('99.36');\nexpect(Utils.moneyThousandFormat(9999.355, 2)).to.equal('9,999.36');\ndone()",
              "err": {},
              "uuid": "971bbc94-c22e-42ab-bca0-5a27785408bd",
              "parentUUID": "27a33211-f007-4e26-978d-db8bca5fb304",
              "isHook": false,
              "skipped": false
            }
          ],
          "suites": [],
          "passes": [
            "971bbc94-c22e-42ab-bca0-5a27785408bd"
          ],
          "failures": [],
          "pending": [],
          "skipped": [],
          "duration": 5,
          "root": false,
          "rootEmpty": false,
          "_timeout": 2000
        }
      ],
      "passes": [],
      "failures": [],
      "pending": [],
      "skipped": [],
      "duration": 0,
      "root": true,
      "rootEmpty": true,
      "_timeout": 2000
    }
  ],
  "meta": {
    "mocha": {
      "version": "7.1.1"
    },
    "mochawesome": {
      "options": {
        "quiet": false,
        "reportFilename": "mochawesome",
        "saveHtml": true,
        "saveJson": true,
        "consoleReporter": "spec",
        "useInlineDiffs": false,
        "code": true
      },
      "version": "5.0.0"
    },
    "marge": {
      "options": {
        "reportDir": "./test_report/mocha/"
      },
      "version": "4.1.0"
    }
  }
}