{
  "stats": {
    "suites": 1,
    "tests": 7,
    "passes": 7,
    "pending": 0,
    "failures": 0,
    "start": "2020-04-04T16:17:05.651Z",
    "end": "2020-04-04T16:17:05.726Z",
    "duration": 75,
    "testsRegistered": 7,
    "passPercent": 100,
    "pendingPercent": 0,
    "other": 0,
    "hasOther": false,
    "skipped": 0,
    "hasSkipped": false
  },
  "results": [
    {
      "uuid": "c992d09c-71ac-4f7f-a439-c6db6e3f807f",
      "title": "",
      "fullFile": "",
      "file": "",
      "beforeHooks": [],
      "afterHooks": [],
      "tests": [],
      "suites": [
        {
          "uuid": "3e21c208-f913-4c66-8f63-0044e999a11a",
          "title": "number",
          "fullFile": "E:\\code\\js-util-func\\test\\number.test.js",
          "file": "\\test\\number.test.js",
          "beforeHooks": [],
          "afterHooks": [],
          "tests": [
            {
              "title": "金额千分化 moneyThousandFormat",
              "fullTitle": "number 金额千分化 moneyThousandFormat",
              "timedOut": false,
              "duration": 2,
              "state": "passed",
              "speed": "fast",
              "pass": true,
              "fail": false,
              "pending": false,
              "context": null,
              "code": "expect(Utils.moneyThousandFormat('9',0)).to.equal('9');\nexpect(Utils.moneyThousandFormat(9)).to.equal('9');\nexpect(Utils.moneyThousandFormat(99)).to.equal('99');\nexpect(Utils.moneyThousandFormat(999)).to.equal('999');\nexpect(Utils.moneyThousandFormat(9999)).to.equal('9,999');\nexpect(Utils.moneyThousandFormat(9.355, 2)).to.equal('9.36');\nexpect(Utils.moneyThousandFormat(99.355, 2)).to.equal('99.36');\nexpect(Utils.moneyThousandFormat(9999.355, 2)).to.equal('9,999.36');\ndone()",
              "err": {},
              "uuid": "f910fbea-584f-4d4f-8f43-1c069b5125be",
              "parentUUID": "3e21c208-f913-4c66-8f63-0044e999a11a",
              "isHook": false,
              "skipped": false
            },
            {
              "title": "四舍五入 toFixed",
              "fullTitle": "number 四舍五入 toFixed",
              "timedOut": false,
              "duration": 11,
              "state": "passed",
              "speed": "fast",
              "pass": true,
              "fail": false,
              "pending": false,
              "context": null,
              "code": "expect(Utils.toFixed('1.2345',2)).to.equal(1.23)\nexpect(Utils.toFixed(1.2345,2)).to.equal(1.23)\nexpect(Utils.toFixed(1.2355,2)).to.equal(1.24)\nexpect(Utils.toFixed(1.23)).to.equal(1)\nexpect(Utils.toFixed(1.23,-1)).to.equal(1.23)\ndone()",
              "err": {},
              "uuid": "fb91ecfa-5a24-4a7e-aaac-e7854819eb22",
              "parentUUID": "3e21c208-f913-4c66-8f63-0044e999a11a",
              "isHook": false,
              "skipped": false
            },
            {
              "title": "数值前补零 numAddZero",
              "fullTitle": "number 数值前补零 numAddZero",
              "timedOut": false,
              "duration": 1,
              "state": "passed",
              "speed": "fast",
              "pass": true,
              "fail": false,
              "pending": false,
              "context": null,
              "code": "expect(Utils.numAddZero('9',2)).to.equal('09')\nexpect(Utils.numAddZero(9,2)).to.equal('09')\nexpect(Utils.numAddZero(9,3)).to.equal('009')\nexpect(Utils.numAddZero(9,1)).to.equal('9')\nexpect(Utils.numAddZero(9,0)).to.equal('9')\nexpect(Utils.numAddZero(9,-1)).to.equal('9')\nexpect(Utils.numAddZero(9.9)).to.equal('9.9')\nexpect(Utils.numAddZero(9.9,2)).to.equal('09.9')\nexpect(Utils.numAddZero(-9.9,2)).to.equal('-09.9')\ndone()",
              "err": {},
              "uuid": "03813918-a53a-4894-996b-c27109385d94",
              "parentUUID": "3e21c208-f913-4c66-8f63-0044e999a11a",
              "isHook": false,
              "skipped": false
            },
            {
              "title": "浮点数末尾补零 0 floatAddZero",
              "fullTitle": "number 浮点数末尾补零 0 floatAddZero",
              "timedOut": false,
              "duration": 0,
              "state": "passed",
              "speed": "fast",
              "pass": true,
              "fail": false,
              "pending": false,
              "context": null,
              "code": "expect(Utils.floatAddZero('1.2',2)).to.equal('1.20')\nexpect(Utils.floatAddZero(1.2,2)).to.equal('1.20')\nexpect(Utils.floatAddZero(1.2,1)).to.equal('1.2')\nexpect(Utils.floatAddZero(1.2,0)).to.equal('1.2')\nexpect(Utils.floatAddZero(1.2)).to.equal('1.2')\nexpect(Utils.floatAddZero(-1.2,2)).to.equal('-1.20')\nexpect(Utils.floatAddZero(1.234,2)).to.equal('1.234')\nexpect(Utils.floatAddZero(1.234,2)).to.equal('1.234')\ndone()",
              "err": {},
              "uuid": "57da22fa-eead-4d64-934b-f9a6244c4deb",
              "parentUUID": "3e21c208-f913-4c66-8f63-0044e999a11a",
              "isHook": false,
              "skipped": false
            },
            {
              "title": "保留小数点后n位，不进行四舍五入操作 splitPoint",
              "fullTitle": "number 保留小数点后n位，不进行四舍五入操作 splitPoint",
              "timedOut": false,
              "duration": 0,
              "state": "passed",
              "speed": "fast",
              "pass": true,
              "fail": false,
              "pending": false,
              "context": null,
              "code": "expect(Utils.splitPoint('1.235',2)).to.equal('1.23')\nexpect(Utils.splitPoint(1.235,2)).to.equal('1.23')\nexpect(Utils.splitPoint(1.234,1)).to.equal('1.2')\nexpect(Utils.splitPoint(1.234,0)).to.equal('1')\nexpect(Utils.splitPoint(1.234,-1)).to.equal('1.234')\ndone()",
              "err": {},
              "uuid": "274802c2-9b2c-4ff5-b3ba-f40d2118a412",
              "parentUUID": "3e21c208-f913-4c66-8f63-0044e999a11a",
              "isHook": false,
              "skipped": false
            },
            {
              "title": "小数格式化成百分数 decimalToPercent",
              "fullTitle": "number 小数格式化成百分数 decimalToPercent",
              "timedOut": false,
              "duration": 14,
              "state": "passed",
              "speed": "fast",
              "pass": true,
              "fail": false,
              "pending": false,
              "context": null,
              "code": "expect(Utils.decimalToPercent('0.23')).to.equal('23')\nexpect(Utils.decimalToPercent(0.23)).to.equal('23')\nexpect(Utils.decimalToPercent(1.23)).to.equal('1.23')\nexpect(Utils.decimalToPercent(0.234)).to.equal('23.4')\nexpect(Utils.decimalToPercent(0.234,2)).to.equal('23.40')\nexpect(Utils.decimalToPercent(0.234,1)).to.equal('23.4')\ndone()",
              "err": {},
              "uuid": "8d3f0b57-ef4e-417c-be0c-f8a9b30631d7",
              "parentUUID": "3e21c208-f913-4c66-8f63-0044e999a11a",
              "isHook": false,
              "skipped": false
            },
            {
              "title": "金额转大写 moneyUppercase",
              "fullTitle": "number 金额转大写 moneyUppercase",
              "timedOut": false,
              "duration": 0,
              "state": "passed",
              "speed": "fast",
              "pass": true,
              "fail": false,
              "pending": false,
              "context": null,
              "code": "expect(Utils.moneyUppercase('1.2')).to.equal('壹元贰角')\nexpect(Utils.moneyUppercase(1.2)).to.equal('壹元贰角')\nexpect(Utils.moneyUppercase(1.20)).to.equal('壹元贰角')\nexpect(Utils.moneyUppercase(999.99)).to.equal('玖佰玖拾玖元玖角玖分')\nexpect(Utils.moneyUppercase(9999999999.99)).to.equal('玖拾玖亿玖仟玖佰玖拾玖万玖仟玖佰玖拾玖元玖角玖分')\ndone()",
              "err": {},
              "uuid": "88bc2d2c-682f-4755-880c-7f8fd4b9bc9a",
              "parentUUID": "3e21c208-f913-4c66-8f63-0044e999a11a",
              "isHook": false,
              "skipped": false
            }
          ],
          "suites": [],
          "passes": [
            "f910fbea-584f-4d4f-8f43-1c069b5125be",
            "fb91ecfa-5a24-4a7e-aaac-e7854819eb22",
            "03813918-a53a-4894-996b-c27109385d94",
            "57da22fa-eead-4d64-934b-f9a6244c4deb",
            "274802c2-9b2c-4ff5-b3ba-f40d2118a412",
            "8d3f0b57-ef4e-417c-be0c-f8a9b30631d7",
            "88bc2d2c-682f-4755-880c-7f8fd4b9bc9a"
          ],
          "failures": [],
          "pending": [],
          "skipped": [],
          "duration": 28,
          "root": false,
          "rootEmpty": false,
          "_timeout": 2000
        }
      ],
      "passes": [],
      "failures": [],
      "pending": [],
      "skipped": [],
      "duration": 0,
      "root": true,
      "rootEmpty": true,
      "_timeout": 2000
    }
  ],
  "meta": {
    "mocha": {
      "version": "7.1.1"
    },
    "mochawesome": {
      "options": {
        "quiet": false,
        "reportFilename": "mochawesome",
        "saveHtml": true,
        "saveJson": true,
        "consoleReporter": "spec",
        "useInlineDiffs": false,
        "code": true
      },
      "version": "5.0.0"
    },
    "marge": {
      "options": {
        "reportDir": "./test_report/mocha/"
      },
      "version": "4.1.0"
    }
  }
}